2017-12-03 02:50:09.880+0000 WARN [o.n.i.p.PageCache] The dbms.memory.pagecache.size setting has not been configured. It is recommended that this setting is always explicitly configured, to ensure the system has a balanced configuration. Until then, a computed heuristic value of 4985440256 bytes will be used instead. 
2017-12-03 02:50:10.018+0000 INFO [o.n.k.i.f.CommunityEditionModule] No locking implementation specified, defaulting to 'community'
2017-12-03 02:50:10.102+0000 INFO [o.n.k.AvailabilityGuard] Requirement makes database unavailable: Database available
2017-12-03 02:50:10.115+0000 INFO [o.n.k.i.DiagnosticsManager] --- INITIALIZED diagnostics START ---
2017-12-03 02:50:10.115+0000 INFO [o.n.k.i.DiagnosticsManager] Neo4j Kernel properties:
2017-12-03 02:50:10.115+0000 INFO [o.n.k.i.DiagnosticsManager] dbms.connector.http.enabled=true
2017-12-03 02:50:10.116+0000 INFO [o.n.k.i.DiagnosticsManager] unsupported.dbms.edition=community
2017-12-03 02:50:10.116+0000 INFO [o.n.k.i.DiagnosticsManager] dbms.security.auth_enabled=true
2017-12-03 02:50:10.116+0000 INFO [o.n.k.i.DiagnosticsManager] dbms.connector.bolt.enabled=true
2017-12-03 02:50:10.116+0000 INFO [o.n.k.i.DiagnosticsManager] unsupported.dbms.directories.neo4j_home=C:\Users\kucer\Google Drive\Examples\neo4j\Fraud_detection
2017-12-03 02:50:10.116+0000 INFO [o.n.k.i.DiagnosticsManager] dbms.logs.http.enabled=false
2017-12-03 02:50:10.116+0000 INFO [o.n.k.i.DiagnosticsManager] dbms.connector.https.enabled=true
2017-12-03 02:50:10.116+0000 INFO [o.n.k.i.DiagnosticsManager] dbms.directories.import=import
2017-12-03 02:50:10.116+0000 INFO [o.n.k.i.DiagnosticsManager] unsupported.dbms.directories.database=C:\Users\kucer\Google Drive\Examples\neo4j\Fraud_detection
2017-12-03 02:50:10.116+0000 INFO [o.n.k.i.DiagnosticsManager] Diagnostics providers:
2017-12-03 02:50:10.116+0000 INFO [o.n.k.i.DiagnosticsManager] org.neo4j.kernel.configuration.Config
2017-12-03 02:50:10.116+0000 INFO [o.n.k.i.DiagnosticsManager] org.neo4j.kernel.info.DiagnosticsManager
2017-12-03 02:50:10.116+0000 INFO [o.n.k.i.DiagnosticsManager] SYSTEM_MEMORY
2017-12-03 02:50:10.116+0000 INFO [o.n.k.i.DiagnosticsManager] JAVA_MEMORY
2017-12-03 02:50:10.116+0000 INFO [o.n.k.i.DiagnosticsManager] OPERATING_SYSTEM
2017-12-03 02:50:10.117+0000 INFO [o.n.k.i.DiagnosticsManager] JAVA_VIRTUAL_MACHINE
2017-12-03 02:50:10.117+0000 INFO [o.n.k.i.DiagnosticsManager] CLASSPATH
2017-12-03 02:50:10.117+0000 INFO [o.n.k.i.DiagnosticsManager] LIBRARY_PATH
2017-12-03 02:50:10.117+0000 INFO [o.n.k.i.DiagnosticsManager] SYSTEM_PROPERTIES
2017-12-03 02:50:10.117+0000 INFO [o.n.k.i.DiagnosticsManager] NETWORK
2017-12-03 02:50:10.117+0000 INFO [o.n.k.i.DiagnosticsManager] System memory information:
2017-12-03 02:50:10.119+0000 INFO [o.n.k.i.DiagnosticsManager] Total Physical memory: 11.94 GB
2017-12-03 02:50:10.119+0000 INFO [o.n.k.i.DiagnosticsManager] Free Physical memory: 7.47 GB
2017-12-03 02:50:10.119+0000 INFO [o.n.k.i.DiagnosticsManager] Committed virtual memory: 413.93 MB
2017-12-03 02:50:10.119+0000 INFO [o.n.k.i.DiagnosticsManager] Total swap space: 13.75 GB
2017-12-03 02:50:10.119+0000 INFO [o.n.k.i.DiagnosticsManager] Free swap space: 8.57 GB
2017-12-03 02:50:10.119+0000 INFO [o.n.k.i.DiagnosticsManager] JVM memory information:
2017-12-03 02:50:10.119+0000 INFO [o.n.k.i.DiagnosticsManager] Free  memory: 93.80 MB
2017-12-03 02:50:10.119+0000 INFO [o.n.k.i.DiagnosticsManager] Total memory: 122.00 MB
2017-12-03 02:50:10.119+0000 INFO [o.n.k.i.DiagnosticsManager] Max   memory: 2.65 GB
2017-12-03 02:50:10.120+0000 INFO [o.n.k.i.DiagnosticsManager] Garbage Collector: PS Scavenge: [PS Eden Space, PS Survivor Space]
2017-12-03 02:50:10.121+0000 INFO [o.n.k.i.DiagnosticsManager] Garbage Collector: PS MarkSweep: [PS Eden Space, PS Survivor Space, PS Old Gen]
2017-12-03 02:50:10.121+0000 INFO [o.n.k.i.DiagnosticsManager] Memory Pool: Code Cache (Non-heap memory): committed=9.44 MB, used=9.41 MB, max=240.00 MB, threshold=0.00 B
2017-12-03 02:50:10.121+0000 INFO [o.n.k.i.DiagnosticsManager] Memory Pool: Metaspace (Non-heap memory): committed=24.13 MB, used=23.24 MB, max=-1.00 B, threshold=0.00 B
2017-12-03 02:50:10.121+0000 INFO [o.n.k.i.DiagnosticsManager] Memory Pool: Compressed Class Space (Non-heap memory): committed=3.38 MB, used=3.18 MB, max=1.00 GB, threshold=0.00 B
2017-12-03 02:50:10.121+0000 INFO [o.n.k.i.DiagnosticsManager] Memory Pool: PS Eden Space (Heap memory): committed=48.00 MB, used=19.32 MB, max=1003.00 MB, threshold=?
2017-12-03 02:50:10.121+0000 INFO [o.n.k.i.DiagnosticsManager] Memory Pool: PS Survivor Space (Heap memory): committed=8.00 MB, used=0.00 B, max=8.00 MB, threshold=?
2017-12-03 02:50:10.121+0000 INFO [o.n.k.i.DiagnosticsManager] Memory Pool: PS Old Gen (Heap memory): committed=66.00 MB, used=8.88 MB, max=1.99 GB, threshold=0.00 B
2017-12-03 02:50:10.122+0000 INFO [o.n.k.i.DiagnosticsManager] Operating system information:
2017-12-03 02:50:10.122+0000 INFO [o.n.k.i.DiagnosticsManager] Operating System: Windows 10; version: 10.0; arch: amd64; cpus: 8
2017-12-03 02:50:10.126+0000 INFO [o.n.k.i.DiagnosticsManager] Process id: 4628@DESKTOP-91CC2TB
2017-12-03 02:50:10.127+0000 INFO [o.n.k.i.DiagnosticsManager] Byte order: LITTLE_ENDIAN
2017-12-03 02:50:10.130+0000 INFO [o.n.k.i.DiagnosticsManager] Local timezone: America/New_York
2017-12-03 02:50:10.130+0000 INFO [o.n.k.i.DiagnosticsManager] JVM information:
2017-12-03 02:50:10.130+0000 INFO [o.n.k.i.DiagnosticsManager] VM Name: Java HotSpot(TM) 64-Bit Server VM
2017-12-03 02:50:10.130+0000 INFO [o.n.k.i.DiagnosticsManager] VM Vendor: Oracle Corporation
2017-12-03 02:50:10.130+0000 INFO [o.n.k.i.DiagnosticsManager] VM Version: 25.151-b12
2017-12-03 02:50:10.130+0000 INFO [o.n.k.i.DiagnosticsManager] JIT compiler: HotSpot 64-Bit Tiered Compilers
2017-12-03 02:50:10.131+0000 INFO [o.n.k.i.DiagnosticsManager] VM Arguments: [-Dexe4j.semaphoreName=Local\c:_program_files_neo4j_ce_3.3.0_bin_neo4j-ce.exe, -Dexe4j.isInstall4j=true, -Dexe4j.moduleName=C:\Program Files\Neo4j CE 3.3.0\bin\neo4j-ce.exe, -Dexe4j.tempDir=, -Dexe4j.unextractedPosition=0, -Djava.library.path=c:\Rtools\bin;c:\Rtools\mingw_32\bin;C:\Program Files\Microsoft MPI\Bin\;C:\ProgramData\Oracle\Java\javapath;C:\Program Files (x86)\Intel\iCLS Client\;C:\Program Files\Intel\iCLS Client\;C:\Windows\system32;C:\Windows;C:\Windows\System32\Wbem;C:\Windows\System32\WindowsPowerShell\v1.0\;C:\Program Files (x86)\NVIDIA Corporation\PhysX\Common;C:\Program Files (x86)\Intel\Intel(R) Management Engine Components\DAL;C:\Program Files\Intel\Intel(R) Management Engine Components\DAL;C:\Program Files (x86)\Intel\Intel(R) Management Engine Components\IPT;C:\Program Files\Intel\Intel(R) Management Engine Components\IPT;C:\WINDOWS\system32;C:\WINDOWS;C:\WINDOWS\System32\Wbem;C:\WINDOWS\System32\WindowsPowerShell\v1.0\;C:\Anaconda3;C:\Anaconda3\Scripts;C:\Anaconda3\Library\bin;C:\Program Files\Git\cmd;C:\Users\kucer\AppData\Local\Microsoft\WindowsApps;C:\Program Files\Microsoft VS Code\bin;;c:\program files\java\jre1.8.0_151\bin, -Dexe4j.consoleCodepage=cp0, -Dinstall4j.launcherId=24, -Dinstall4j.swt=false]
2017-12-03 02:50:10.131+0000 INFO [o.n.k.i.DiagnosticsManager] Java classpath:
2017-12-03 02:50:10.133+0000 INFO [o.n.k.i.DiagnosticsManager]  [classpath] C:\Program Files\Neo4j CE 3.3.0\.install4j\i4jruntime.jar
2017-12-03 02:50:10.133+0000 INFO [o.n.k.i.DiagnosticsManager]  [loader.0] file:/C:/Program%20Files/Neo4j%20CE%203.3.0/.install4j/i4jruntime.jar
2017-12-03 02:50:10.133+0000 INFO [o.n.k.i.DiagnosticsManager]  [loader.1] file:/C:/Program%20Files/Java/jre1.8.0_151/lib/ext/jfxrt.jar
2017-12-03 02:50:10.133+0000 INFO [o.n.k.i.DiagnosticsManager]  [loader.1] file:/C:/Program%20Files/Java/jre1.8.0_151/lib/ext/sunpkcs11.jar
2017-12-03 02:50:10.133+0000 INFO [o.n.k.i.DiagnosticsManager]  [loader.1] file:/C:/Program%20Files/Java/jre1.8.0_151/lib/ext/zipfs.jar
2017-12-03 02:50:10.133+0000 INFO [o.n.k.i.DiagnosticsManager]  [bootstrap] C:\Program Files\Java\jre1.8.0_151\lib\sunrsasign.jar
2017-12-03 02:50:10.133+0000 INFO [o.n.k.i.DiagnosticsManager]  [bootstrap] C:\Program Files\Java\jre1.8.0_151\lib\jfr.jar
2017-12-03 02:50:10.133+0000 INFO [o.n.k.i.DiagnosticsManager]  [loader.1] file:/C:/Program%20Files/Java/jre1.8.0_151/lib/ext/access-bridge-64.jar
2017-12-03 02:50:10.133+0000 INFO [o.n.k.i.DiagnosticsManager]  [bootstrap] C:\Program Files\Java\jre1.8.0_151\lib\resources.jar
2017-12-03 02:50:10.133+0000 INFO [o.n.k.i.DiagnosticsManager]  [loader.1] file:/C:/Program%20Files/Java/jre1.8.0_151/lib/ext/sunmscapi.jar
2017-12-03 02:50:10.133+0000 INFO [o.n.k.i.DiagnosticsManager]  [bootstrap] C:\Program Files\Java\jre1.8.0_151\classes
2017-12-03 02:50:10.134+0000 INFO [o.n.k.i.DiagnosticsManager]  [loader.1] file:/C:/Program%20Files/Java/jre1.8.0_151/lib/ext/localedata.jar
2017-12-03 02:50:10.134+0000 INFO [o.n.k.i.DiagnosticsManager]  [bootstrap] C:\Program Files\Java\jre1.8.0_151\lib\jce.jar
2017-12-03 02:50:10.134+0000 INFO [o.n.k.i.DiagnosticsManager]  [loader.1] file:/C:/Program%20Files/Java/jre1.8.0_151/lib/ext/jaccess.jar
2017-12-03 02:50:10.134+0000 INFO [o.n.k.i.DiagnosticsManager]  [bootstrap] C:\Program Files\Java\jre1.8.0_151\lib\rt.jar
2017-12-03 02:50:10.134+0000 INFO [o.n.k.i.DiagnosticsManager]  [loader.1] file:/C:/Program%20Files/Java/jre1.8.0_151/lib/ext/cldrdata.jar
2017-12-03 02:50:10.134+0000 INFO [o.n.k.i.DiagnosticsManager]  [bootstrap] C:\Program Files\Java\jre1.8.0_151\lib\jsse.jar
2017-12-03 02:50:10.134+0000 INFO [o.n.k.i.DiagnosticsManager]  [bootstrap] C:\Program Files\Java\jre1.8.0_151\lib\charsets.jar
2017-12-03 02:50:10.134+0000 INFO [o.n.k.i.DiagnosticsManager]  [loader.1] file:/C:/Program%20Files/Java/jre1.8.0_151/lib/ext/sunec.jar
2017-12-03 02:50:10.134+0000 INFO [o.n.k.i.DiagnosticsManager]  [loader.1] file:/C:/Program%20Files/Java/jre1.8.0_151/lib/ext/nashorn.jar
2017-12-03 02:50:10.134+0000 INFO [o.n.k.i.DiagnosticsManager]  [classpath] C:\Program Files\Neo4j CE 3.3.0\bin\neo4j-desktop-3.3.0.jar
2017-12-03 02:50:10.134+0000 INFO [o.n.k.i.DiagnosticsManager]  [loader.1] file:/C:/Program%20Files/Java/jre1.8.0_151/lib/ext/sunjce_provider.jar
2017-12-03 02:50:10.134+0000 INFO [o.n.k.i.DiagnosticsManager]  [loader.1] file:/C:/Program%20Files/Java/jre1.8.0_151/lib/ext/dnsns.jar
2017-12-03 02:50:10.134+0000 INFO [o.n.k.i.DiagnosticsManager]  [loader.0] file:/C:/Program%20Files/Neo4j%20CE%203.3.0/bin/neo4j-desktop-3.3.0.jar
2017-12-03 02:50:10.134+0000 INFO [o.n.k.i.DiagnosticsManager] Library path:
2017-12-03 02:50:10.135+0000 INFO [o.n.k.i.DiagnosticsManager] C:\Rtools\bin
2017-12-03 02:50:10.135+0000 INFO [o.n.k.i.DiagnosticsManager] C:\Rtools\mingw_32\bin
2017-12-03 02:50:10.135+0000 INFO [o.n.k.i.DiagnosticsManager] C:\Program Files\Microsoft MPI\Bin
2017-12-03 02:50:10.135+0000 INFO [o.n.k.i.DiagnosticsManager] C:\ProgramData\Oracle\Java\javapath
2017-12-03 02:50:10.136+0000 INFO [o.n.k.i.DiagnosticsManager] C:\Program Files (x86)\Intel\iCLS Client
2017-12-03 02:50:10.136+0000 INFO [o.n.k.i.DiagnosticsManager] C:\Program Files\Intel\iCLS Client
2017-12-03 02:50:10.136+0000 INFO [o.n.k.i.DiagnosticsManager] C:\Windows\System32
2017-12-03 02:50:10.136+0000 INFO [o.n.k.i.DiagnosticsManager] C:\Windows
2017-12-03 02:50:10.136+0000 INFO [o.n.k.i.DiagnosticsManager] C:\Windows\System32\wbem
2017-12-03 02:50:10.137+0000 INFO [o.n.k.i.DiagnosticsManager] C:\Windows\System32\WindowsPowerShell\v1.0
2017-12-03 02:50:10.137+0000 INFO [o.n.k.i.DiagnosticsManager] C:\Program Files (x86)\NVIDIA Corporation\PhysX\Common
2017-12-03 02:50:10.137+0000 INFO [o.n.k.i.DiagnosticsManager] C:\Program Files (x86)\Intel\Intel(R) Management Engine Components\DAL
2017-12-03 02:50:10.137+0000 INFO [o.n.k.i.DiagnosticsManager] C:\Program Files\Intel\Intel(R) Management Engine Components\DAL
2017-12-03 02:50:10.138+0000 INFO [o.n.k.i.DiagnosticsManager] C:\Program Files (x86)\Intel\Intel(R) Management Engine Components\IPT
2017-12-03 02:50:10.138+0000 INFO [o.n.k.i.DiagnosticsManager] C:\Program Files\Intel\Intel(R) Management Engine Components\IPT
2017-12-03 02:50:10.138+0000 INFO [o.n.k.i.DiagnosticsManager] C:\Windows\System32
2017-12-03 02:50:10.138+0000 INFO [o.n.k.i.DiagnosticsManager] C:\Windows
2017-12-03 02:50:10.139+0000 INFO [o.n.k.i.DiagnosticsManager] C:\Windows\System32\wbem
2017-12-03 02:50:10.139+0000 INFO [o.n.k.i.DiagnosticsManager] C:\Windows\System32\WindowsPowerShell\v1.0
2017-12-03 02:50:10.139+0000 INFO [o.n.k.i.DiagnosticsManager] C:\Anaconda3
2017-12-03 02:50:10.139+0000 INFO [o.n.k.i.DiagnosticsManager] C:\Anaconda3\Scripts
2017-12-03 02:50:10.139+0000 INFO [o.n.k.i.DiagnosticsManager] C:\Anaconda3\Library\bin
2017-12-03 02:50:10.139+0000 INFO [o.n.k.i.DiagnosticsManager] C:\Program Files\Git\cmd
2017-12-03 02:50:10.140+0000 INFO [o.n.k.i.DiagnosticsManager] C:\Users\kucer\AppData\Local\Microsoft\WindowsApps
2017-12-03 02:50:10.140+0000 INFO [o.n.k.i.DiagnosticsManager] C:\Program Files\Microsoft VS Code\bin
2017-12-03 02:50:10.140+0000 INFO [o.n.k.i.DiagnosticsManager] C:\Program Files\Neo4j CE 3.3.0\bin
2017-12-03 02:50:10.141+0000 INFO [o.n.k.i.DiagnosticsManager] C:\Program Files\Java\jre1.8.0_151\bin
2017-12-03 02:50:10.141+0000 INFO [o.n.k.i.DiagnosticsManager] System.properties:
2017-12-03 02:50:10.141+0000 INFO [o.n.k.i.DiagnosticsManager] exe4j.moduleName = C:\Program Files\Neo4j CE 3.3.0\bin\neo4j-ce.exe
2017-12-03 02:50:10.141+0000 INFO [o.n.k.i.DiagnosticsManager] exe4j.semaphoreName = Local\c:_program_files_neo4j_ce_3.3.0_bin_neo4j-ce.exe
2017-12-03 02:50:10.141+0000 INFO [o.n.k.i.DiagnosticsManager] sun.boot.library.path = c:\program files\java\jre1.8.0_151\bin
2017-12-03 02:50:10.141+0000 INFO [o.n.k.i.DiagnosticsManager] exe4j.consoleCodepage = cp0
2017-12-03 02:50:10.141+0000 INFO [o.n.k.i.DiagnosticsManager] path.separator = ;
2017-12-03 02:50:10.141+0000 INFO [o.n.k.i.DiagnosticsManager] file.encoding.pkg = sun.io
2017-12-03 02:50:10.141+0000 INFO [o.n.k.i.DiagnosticsManager] user.country = US
2017-12-03 02:50:10.141+0000 INFO [o.n.k.i.DiagnosticsManager] user.script = 
2017-12-03 02:50:10.141+0000 INFO [o.n.k.i.DiagnosticsManager] sun.os.patch.level = 
2017-12-03 02:50:10.141+0000 INFO [o.n.k.i.DiagnosticsManager] install4j.exeDir = C:\Program Files\Neo4j CE 3.3.0\bin\
2017-12-03 02:50:10.141+0000 INFO [o.n.k.i.DiagnosticsManager] user.dir = C:\Program Files\Neo4j CE 3.3.0\bin
2017-12-03 02:50:10.141+0000 INFO [o.n.k.i.DiagnosticsManager] user.variant = 
2017-12-03 02:50:10.141+0000 INFO [o.n.k.i.DiagnosticsManager] exe4j.tempDir = 
2017-12-03 02:50:10.141+0000 INFO [o.n.k.i.DiagnosticsManager] sun.jnu.encoding = Cp1252
2017-12-03 02:50:10.141+0000 INFO [o.n.k.i.DiagnosticsManager] unsupported.dbms.udc.source = desktop
2017-12-03 02:50:10.142+0000 INFO [o.n.k.i.DiagnosticsManager] sun.awt.enableExtraMouseButtons = true
2017-12-03 02:50:10.142+0000 INFO [o.n.k.i.DiagnosticsManager] install4j.launcherId = 24
2017-12-03 02:50:10.142+0000 INFO [o.n.k.i.DiagnosticsManager] sun.management.compiler = HotSpot 64-Bit Tiered Compilers
2017-12-03 02:50:10.142+0000 INFO [o.n.k.i.DiagnosticsManager] exe4j.isInstall4j = true
2017-12-03 02:50:10.142+0000 INFO [o.n.k.i.DiagnosticsManager] install4j.swt = false
2017-12-03 02:50:10.142+0000 INFO [o.n.k.i.DiagnosticsManager] user.home = C:\Users\kucer
2017-12-03 02:50:10.142+0000 INFO [o.n.k.i.DiagnosticsManager] user.timezone = America/New_York
2017-12-03 02:50:10.142+0000 INFO [o.n.k.i.DiagnosticsManager] file.encoding = Cp1252
2017-12-03 02:50:10.142+0000 INFO [o.n.k.i.DiagnosticsManager] user.name = MK
2017-12-03 02:50:10.142+0000 INFO [o.n.k.i.DiagnosticsManager] sun.java.command = C:\Program Files\Neo4j CE 3.3.0\bin\neo4j-ce.exe
2017-12-03 02:50:10.142+0000 INFO [o.n.k.i.DiagnosticsManager] sun.arch.data.model = 64
2017-12-03 02:50:10.142+0000 INFO [o.n.k.i.DiagnosticsManager] exe4j.launchName = C:\Program Files\Neo4j CE 3.3.0\bin\neo4j-ce.exe
2017-12-03 02:50:10.142+0000 INFO [o.n.k.i.DiagnosticsManager] user.language = en
2017-12-03 02:50:10.142+0000 INFO [o.n.k.i.DiagnosticsManager] awt.toolkit = sun.awt.windows.WToolkit
2017-12-03 02:50:10.142+0000 INFO [o.n.k.i.DiagnosticsManager] exe4j.unextractedPosition = 0
2017-12-03 02:50:10.142+0000 INFO [o.n.k.i.DiagnosticsManager] install4j.appDir = C:\Program Files\Neo4j CE 3.3.0\
2017-12-03 02:50:10.142+0000 INFO [o.n.k.i.DiagnosticsManager] file.separator = \
2017-12-03 02:50:10.142+0000 INFO [o.n.k.i.DiagnosticsManager] sun.io.unicode.encoding = UnicodeLittle
2017-12-03 02:50:10.142+0000 INFO [o.n.k.i.DiagnosticsManager] sun.cpu.endian = little
2017-12-03 02:50:10.142+0000 INFO [o.n.k.i.DiagnosticsManager] sun.desktop = windows
2017-12-03 02:50:10.142+0000 INFO [o.n.k.i.DiagnosticsManager] sun.cpu.isalist = amd64
2017-12-03 02:50:10.142+0000 INFO [o.n.k.i.DiagnosticsManager] Network information:
2017-12-03 02:50:10.184+0000 INFO [o.n.k.i.DiagnosticsManager] Interface Software Loopback Interface 1:
2017-12-03 02:50:10.184+0000 INFO [o.n.k.i.DiagnosticsManager]     address: 127.0.0.1
2017-12-03 02:50:10.184+0000 INFO [o.n.k.i.DiagnosticsManager]     address: 0:0:0:0:0:0:0:1
2017-12-03 02:50:10.184+0000 INFO [o.n.k.i.DiagnosticsManager] Interface Microsoft Kernel Debug Network Adapter:
2017-12-03 02:50:10.184+0000 INFO [o.n.k.i.DiagnosticsManager] Interface WAN Miniport (PPTP):
2017-12-03 02:50:10.184+0000 INFO [o.n.k.i.DiagnosticsManager] Interface Microsoft Hosted Network Virtual Adapter:
2017-12-03 02:50:10.184+0000 INFO [o.n.k.i.DiagnosticsManager] Interface WAN Miniport (IP):
2017-12-03 02:50:10.184+0000 INFO [o.n.k.i.DiagnosticsManager] Interface Bluetooth Device (RFCOMM Protocol TDI):
2017-12-03 02:50:10.185+0000 INFO [o.n.k.i.DiagnosticsManager] Interface Realtek PCIe GBE Family Controller:
2017-12-03 02:50:10.185+0000 INFO [o.n.k.i.DiagnosticsManager]     address: fe80:0:0:0:6101:859:b0fb:7458%eth2
2017-12-03 02:50:10.185+0000 INFO [o.n.k.i.DiagnosticsManager] Interface Realtek 8821AE Wireless LAN 802.11ac PCI-E NIC:
2017-12-03 02:50:10.185+0000 INFO [o.n.k.i.DiagnosticsManager]     address: 192.168.1.2
2017-12-03 02:50:10.185+0000 INFO [o.n.k.i.DiagnosticsManager]     address: fe80:0:0:0:c10d:b64e:734e:add0%wlan1
2017-12-03 02:50:10.185+0000 INFO [o.n.k.i.DiagnosticsManager] Interface WAN Miniport (L2TP):
2017-12-03 02:50:10.185+0000 INFO [o.n.k.i.DiagnosticsManager] Interface WAN Miniport (SSTP):
2017-12-03 02:50:10.185+0000 INFO [o.n.k.i.DiagnosticsManager] Interface Teredo Tunneling Pseudo-Interface:
2017-12-03 02:50:10.185+0000 INFO [o.n.k.i.DiagnosticsManager]     address: 2001:0:5ef5:79fb:3c1b:2300:3f57:fefd
2017-12-03 02:50:10.185+0000 INFO [o.n.k.i.DiagnosticsManager]     address: fe80:0:0:0:3c1b:2300:3f57:fefd%net4
2017-12-03 02:50:10.185+0000 INFO [o.n.k.i.DiagnosticsManager] Interface WAN Miniport (IPv6):
2017-12-03 02:50:10.185+0000 INFO [o.n.k.i.DiagnosticsManager] Interface WAN Miniport (Network Monitor):
2017-12-03 02:50:10.185+0000 INFO [o.n.k.i.DiagnosticsManager] Interface WAN Miniport (PPPOE):
2017-12-03 02:50:10.185+0000 INFO [o.n.k.i.DiagnosticsManager] Interface TunnelBear Adapter V9:
2017-12-03 02:50:10.185+0000 INFO [o.n.k.i.DiagnosticsManager]     address: fe80:0:0:0:74d2:1ce8:cd7c:9d%eth5
2017-12-03 02:50:10.185+0000 INFO [o.n.k.i.DiagnosticsManager] Interface Bluetooth Device (Personal Area Network):
2017-12-03 02:50:10.185+0000 INFO [o.n.k.i.DiagnosticsManager]     address: fe80:0:0:0:c597:2b01:1eeb:752c%eth6
2017-12-03 02:50:10.185+0000 INFO [o.n.k.i.DiagnosticsManager] Interface Microsoft Wi-Fi Direct Virtual Adapter:
2017-12-03 02:50:10.185+0000 INFO [o.n.k.i.DiagnosticsManager]     address: fe80:0:0:0:fde6:a40b:bb11:499b%wlan2
2017-12-03 02:50:10.185+0000 INFO [o.n.k.i.DiagnosticsManager] Interface WAN Miniport (IKEv2):
2017-12-03 02:50:10.186+0000 INFO [o.n.k.i.DiagnosticsManager] Interface TunnelBear Adapter V9-WFP Native MAC Layer LightWeight Filter-0000:
2017-12-03 02:50:10.186+0000 INFO [o.n.k.i.DiagnosticsManager] Interface TunnelBear Adapter V9-QoS Packet Scheduler-0000:
2017-12-03 02:50:10.186+0000 INFO [o.n.k.i.DiagnosticsManager] Interface TunnelBear Adapter V9-WFP 802.3 MAC Layer LightWeight Filter-0000:
2017-12-03 02:50:10.186+0000 INFO [o.n.k.i.DiagnosticsManager] Interface Realtek PCIe GBE Family Controller-WFP Native MAC Layer LightWeight Filter-0000:
2017-12-03 02:50:10.186+0000 INFO [o.n.k.i.DiagnosticsManager] Interface Realtek PCIe GBE Family Controller-QoS Packet Scheduler-0000:
2017-12-03 02:50:10.186+0000 INFO [o.n.k.i.DiagnosticsManager] Interface Realtek PCIe GBE Family Controller-WFP 802.3 MAC Layer LightWeight Filter-0000:
2017-12-03 02:50:10.186+0000 INFO [o.n.k.i.DiagnosticsManager] Interface Realtek 8821AE Wireless LAN 802.11ac PCI-E NIC-WFP Native MAC Layer LightWeight Filter-0000:
2017-12-03 02:50:10.186+0000 INFO [o.n.k.i.DiagnosticsManager] Interface Realtek 8821AE Wireless LAN 802.11ac PCI-E NIC-Virtual WiFi Filter Driver-0000:
2017-12-03 02:50:10.186+0000 INFO [o.n.k.i.DiagnosticsManager] Interface Realtek 8821AE Wireless LAN 802.11ac PCI-E NIC-Native WiFi Filter Driver-0000:
2017-12-03 02:50:10.186+0000 INFO [o.n.k.i.DiagnosticsManager] Interface Realtek 8821AE Wireless LAN 802.11ac PCI-E NIC-QoS Packet Scheduler-0000:
2017-12-03 02:50:10.186+0000 INFO [o.n.k.i.DiagnosticsManager] Interface Realtek 8821AE Wireless LAN 802.11ac PCI-E NIC-WFP 802.3 MAC Layer LightWeight Filter-0000:
2017-12-03 02:50:10.186+0000 INFO [o.n.k.i.DiagnosticsManager] Interface Microsoft Wi-Fi Direct Virtual Adapter-WFP Native MAC Layer LightWeight Filter-0000:
2017-12-03 02:50:10.186+0000 INFO [o.n.k.i.DiagnosticsManager] Interface Microsoft Wi-Fi Direct Virtual Adapter-Native WiFi Filter Driver-0000:
2017-12-03 02:50:10.186+0000 INFO [o.n.k.i.DiagnosticsManager] Interface Microsoft Wi-Fi Direct Virtual Adapter-QoS Packet Scheduler-0000:
2017-12-03 02:50:10.186+0000 INFO [o.n.k.i.DiagnosticsManager] Interface Microsoft Wi-Fi Direct Virtual Adapter-WFP 802.3 MAC Layer LightWeight Filter-0000:
2017-12-03 02:50:10.186+0000 INFO [o.n.k.i.DiagnosticsManager] Interface WAN Miniport (IP)-WFP Native MAC Layer LightWeight Filter-0000:
2017-12-03 02:50:10.186+0000 INFO [o.n.k.i.DiagnosticsManager] Interface WAN Miniport (IP)-QoS Packet Scheduler-0000:
2017-12-03 02:50:10.186+0000 INFO [o.n.k.i.DiagnosticsManager] Interface WAN Miniport (IPv6)-WFP Native MAC Layer LightWeight Filter-0000:
2017-12-03 02:50:10.186+0000 INFO [o.n.k.i.DiagnosticsManager] Interface WAN Miniport (IPv6)-QoS Packet Scheduler-0000:
2017-12-03 02:50:10.186+0000 INFO [o.n.k.i.DiagnosticsManager] Interface WAN Miniport (Network Monitor)-WFP Native MAC Layer LightWeight Filter-0000:
2017-12-03 02:50:10.186+0000 INFO [o.n.k.i.DiagnosticsManager] Interface WAN Miniport (Network Monitor)-QoS Packet Scheduler-0000:
2017-12-03 02:50:10.186+0000 INFO [o.n.k.i.DiagnosticsManager] --- INITIALIZED diagnostics END ---
2017-12-03 02:50:10.649+0000 INFO [o.n.b.v.r.WorkerFactory] Bolt Server extension loaded.
2017-12-03 02:50:10.650+0000 INFO [o.n.b.v.r.WorkerFactory] Bolt enabled on 127.0.0.1:7687.
2017-12-03 02:50:10.721+0000 INFO [o.n.k.i.s.f.RecordFormatSelector] Selected format 'RecordFormat:StandardV3_2[v0.A.8]' for the new store
2017-12-03 02:50:11.959+0000 INFO [o.n.k.i.a.i.IndexingService] IndexingService.init: indexes not specifically mentioned above are null
2017-12-03 02:50:11.963+0000 INFO [o.n.k.i.i.l.NativeLabelScanStore] No scan store found, this might just be first use. Preparing to rebuild.
2017-12-03 02:50:12.008+0000 INFO [o.n.k.NeoStoreDataSource] Opened logical log [C:\Users\kucer\Google Drive\Examples\neo4j\Fraud_detection\neostore.transaction.db.0] version=0, lastTxId=1 (clean)
2017-12-03 02:50:12.011+0000 INFO [o.n.k.NeoStoreDataSource] No commits found after last check point (which is at <no log position given>)
2017-12-03 02:50:12.015+0000 WARN [o.n.k.i.s.MetaDataStore] Missing counts store, rebuilding it.
2017-12-03 02:50:12.100+0000 WARN [o.n.k.i.s.MetaDataStore] Counts store rebuild completed.
2017-12-03 02:50:12.138+0000 INFO [o.n.k.i.a.i.IndexingService] IndexingService.start: indexes not specifically mentioned above are null
2017-12-03 02:50:12.139+0000 INFO [o.n.k.i.i.l.NativeLabelScanStore] Rebuilding scan store, this may take a while
2017-12-03 02:50:12.174+0000 INFO [o.n.k.i.i.l.NativeLabelScanStore] Scan store rebuilt (roughly 0 nodes)
2017-12-03 02:50:12.179+0000 INFO [o.n.k.i.DatabaseHealth] Database health set to OK
2017-12-03 02:50:12.679+0000 INFO [o.n.k.AvailabilityGuard] Fulfilling of requirement makes database available: Database available
2017-12-03 02:50:12.681+0000 INFO [o.n.k.i.f.GraphDatabaseFacadeFactory] Database is now ready
2017-12-03 02:50:12.682+0000 INFO [o.n.k.i.DiagnosticsManager] --- STARTED diagnostics for KernelDiagnostics:Versions START ---
2017-12-03 02:50:12.682+0000 INFO [o.n.k.i.DiagnosticsManager] Graph Database: community single StoreId{creationTime=1512269411800, randomId=-74685462959209550, storeVersion=15813456178476550, upgradeTime=1512269411800, upgradeId=1}
2017-12-03 02:50:12.682+0000 INFO [o.n.k.i.DiagnosticsManager] Kernel version: 3.3.0
2017-12-03 02:50:12.683+0000 INFO [o.n.k.i.DiagnosticsManager] --- STARTED diagnostics for KernelDiagnostics:Versions END ---
2017-12-03 02:50:12.684+0000 INFO [o.n.k.i.DiagnosticsManager] --- STARTED diagnostics for NEO_STORE_VERSIONS START ---
2017-12-03 02:50:12.684+0000 INFO [o.n.k.i.DiagnosticsManager] Store versions:
2017-12-03 02:50:12.684+0000 INFO [o.n.k.i.DiagnosticsManager] Store versions:
2017-12-03 02:50:12.685+0000 INFO [o.n.k.i.DiagnosticsManager]   ArrayPropertyStore v0.A.8
2017-12-03 02:50:12.685+0000 INFO [o.n.k.i.DiagnosticsManager]   NodeStore v0.A.8
2017-12-03 02:50:12.685+0000 INFO [o.n.k.i.DiagnosticsManager]   StringPropertyStore v0.A.8
2017-12-03 02:50:12.685+0000 INFO [o.n.k.i.DiagnosticsManager]   PropertyIndexStore v0.A.8
2017-12-03 02:50:12.685+0000 INFO [o.n.k.i.DiagnosticsManager]   StringPropertyStore v0.A.8
2017-12-03 02:50:12.685+0000 INFO [o.n.k.i.DiagnosticsManager]   ArrayPropertyStore v0.A.8
2017-12-03 02:50:12.685+0000 INFO [o.n.k.i.DiagnosticsManager]   PropertyStore v0.A.8
2017-12-03 02:50:12.685+0000 INFO [o.n.k.i.DiagnosticsManager]   RelationshipStore v0.A.8
2017-12-03 02:50:12.686+0000 INFO [o.n.k.i.DiagnosticsManager]   StringPropertyStore v0.A.8
2017-12-03 02:50:12.686+0000 INFO [o.n.k.i.DiagnosticsManager]   RelationshipTypeStore v0.A.8
2017-12-03 02:50:12.686+0000 INFO [o.n.k.i.DiagnosticsManager]   StringPropertyStore v0.A.8
2017-12-03 02:50:12.686+0000 INFO [o.n.k.i.DiagnosticsManager]   LabelTokenStore v0.A.8
2017-12-03 02:50:12.686+0000 INFO [o.n.k.i.DiagnosticsManager]   SchemaStore v0.A.8
2017-12-03 02:50:12.686+0000 INFO [o.n.k.i.DiagnosticsManager]   RelationshipGroupStore v0.A.8
2017-12-03 02:50:12.686+0000 INFO [o.n.k.i.DiagnosticsManager]   NeoStore v0.A.8
2017-12-03 02:50:12.686+0000 INFO [o.n.k.i.DiagnosticsManager] --- STARTED diagnostics for NEO_STORE_VERSIONS END ---
2017-12-03 02:50:12.687+0000 INFO [o.n.k.i.DiagnosticsManager] --- STARTED diagnostics for NEO_STORE_ID_USAGE START ---
2017-12-03 02:50:12.687+0000 INFO [o.n.k.i.DiagnosticsManager] Id usage:
2017-12-03 02:50:12.687+0000 INFO [o.n.k.i.DiagnosticsManager] Id usage:
2017-12-03 02:50:12.687+0000 INFO [o.n.k.i.DiagnosticsManager]   ArrayPropertyStore: used=1 high=0
2017-12-03 02:50:12.687+0000 INFO [o.n.k.i.DiagnosticsManager]   NodeStore: used=0 high=-1
2017-12-03 02:50:12.687+0000 INFO [o.n.k.i.DiagnosticsManager]   StringPropertyStore: used=1 high=0
2017-12-03 02:50:12.687+0000 INFO [o.n.k.i.DiagnosticsManager]   PropertyIndexStore: used=0 high=-1
2017-12-03 02:50:12.688+0000 INFO [o.n.k.i.DiagnosticsManager]   StringPropertyStore: used=1 high=0
2017-12-03 02:50:12.688+0000 INFO [o.n.k.i.DiagnosticsManager]   ArrayPropertyStore: used=1 high=0
2017-12-03 02:50:12.688+0000 INFO [o.n.k.i.DiagnosticsManager]   PropertyStore: used=0 high=-1
2017-12-03 02:50:12.688+0000 INFO [o.n.k.i.DiagnosticsManager]   RelationshipStore: used=0 high=-1
2017-12-03 02:50:12.688+0000 INFO [o.n.k.i.DiagnosticsManager]   StringPropertyStore: used=1 high=0
2017-12-03 02:50:12.688+0000 INFO [o.n.k.i.DiagnosticsManager]   RelationshipTypeStore: used=0 high=-1
2017-12-03 02:50:12.688+0000 INFO [o.n.k.i.DiagnosticsManager]   StringPropertyStore: used=1 high=0
2017-12-03 02:50:12.689+0000 INFO [o.n.k.i.DiagnosticsManager]   LabelTokenStore: used=0 high=-1
2017-12-03 02:50:12.689+0000 INFO [o.n.k.i.DiagnosticsManager]   SchemaStore: used=1 high=0
2017-12-03 02:50:12.689+0000 INFO [o.n.k.i.DiagnosticsManager]   RelationshipGroupStore: used=1 high=0
2017-12-03 02:50:12.689+0000 INFO [o.n.k.i.DiagnosticsManager]   NeoStore: used=15 high=14
2017-12-03 02:50:12.689+0000 INFO [o.n.k.i.DiagnosticsManager] --- STARTED diagnostics for NEO_STORE_ID_USAGE END ---
2017-12-03 02:50:12.689+0000 INFO [o.n.k.i.DiagnosticsManager] --- STARTED diagnostics for NEO_STORE_RECORDS START ---
2017-12-03 02:50:12.690+0000 INFO [o.n.k.i.DiagnosticsManager] Neostore records:
2017-12-03 02:50:12.690+0000 INFO [o.n.k.i.DiagnosticsManager] TIME (Creation time): 1512269411800
2017-12-03 02:50:12.690+0000 INFO [o.n.k.i.DiagnosticsManager] RANDOM_NUMBER (Random number for store id): -74685462959209550
2017-12-03 02:50:12.690+0000 INFO [o.n.k.i.DiagnosticsManager] LOG_VERSION (Current log version): 0
2017-12-03 02:50:12.691+0000 INFO [o.n.k.i.DiagnosticsManager] LAST_TRANSACTION_ID (Last committed transaction): 1
2017-12-03 02:50:12.691+0000 INFO [o.n.k.i.DiagnosticsManager] STORE_VERSION (Store format version): 15813456178476550
2017-12-03 02:50:12.691+0000 INFO [o.n.k.i.DiagnosticsManager] FIRST_GRAPH_PROPERTY (First property record containing graph properties): -1
2017-12-03 02:50:12.691+0000 INFO [o.n.k.i.DiagnosticsManager] LAST_CONSTRAINT_TRANSACTION (Last committed transaction containing constraint changes): 0
2017-12-03 02:50:12.691+0000 INFO [o.n.k.i.DiagnosticsManager] UPGRADE_TRANSACTION_ID (Transaction id most recent upgrade was performed at): 1
2017-12-03 02:50:12.691+0000 INFO [o.n.k.i.DiagnosticsManager] UPGRADE_TIME (Time of last upgrade): 1512269411800
2017-12-03 02:50:12.691+0000 INFO [o.n.k.i.DiagnosticsManager] LAST_TRANSACTION_CHECKSUM (Checksum of last committed transaction): 0
2017-12-03 02:50:12.691+0000 INFO [o.n.k.i.DiagnosticsManager] UPGRADE_TRANSACTION_CHECKSUM (Checksum of transaction id the most recent upgrade was performed at): 0
2017-12-03 02:50:12.692+0000 INFO [o.n.k.i.DiagnosticsManager] LAST_CLOSED_TRANSACTION_LOG_VERSION (Log version where the last transaction commit entry has been written into): 0
2017-12-03 02:50:12.692+0000 INFO [o.n.k.i.DiagnosticsManager] LAST_CLOSED_TRANSACTION_LOG_BYTE_OFFSET (Byte offset in the log file where the last transaction commit entry has been written into): 16
2017-12-03 02:50:12.692+0000 INFO [o.n.k.i.DiagnosticsManager] LAST_TRANSACTION_COMMIT_TIMESTAMP (Commit time timestamp for last committed transaction): 0
2017-12-03 02:50:12.692+0000 INFO [o.n.k.i.DiagnosticsManager] UPGRADE_TRANSACTION_COMMIT_TIMESTAMP (Commit timestamp of transaction the most recent upgrade was performed at): 0
2017-12-03 02:50:12.692+0000 INFO [o.n.k.i.DiagnosticsManager] --- STARTED diagnostics for NEO_STORE_RECORDS END ---
2017-12-03 02:50:12.693+0000 INFO [o.n.k.i.DiagnosticsManager] --- STARTED diagnostics for TRANSACTION_RANGE START ---
2017-12-03 02:50:12.693+0000 INFO [o.n.k.i.DiagnosticsManager] Transaction log:
2017-12-03 02:50:12.694+0000 INFO [o.n.k.i.DiagnosticsManager] No transactions found in any log
2017-12-03 02:50:12.694+0000 INFO [o.n.k.i.DiagnosticsManager] --- STARTED diagnostics for TRANSACTION_RANGE END ---
2017-12-03 02:50:12.694+0000 INFO [o.n.k.i.DiagnosticsManager] --- STARTED diagnostics for KernelDiagnostics:StoreFiles START ---
2017-12-03 02:50:12.696+0000 INFO [o.n.k.i.DiagnosticsManager] Disk space on partition (Total / Free / Free %): 1999751868416 / 1908690833408 / 95
2017-12-03 02:50:12.696+0000 INFO [o.n.k.i.DiagnosticsManager] Storage files: (filename : modification date - size)
2017-12-03 02:50:12.697+0000 INFO [o.n.k.i.DiagnosticsManager]   certificates:
2017-12-03 02:50:12.698+0000 INFO [o.n.k.i.DiagnosticsManager]     neo4j.cert: 2017-12-02T21:50:10-0500 - 1002.00 B
2017-12-03 02:50:12.698+0000 INFO [o.n.k.i.DiagnosticsManager]     neo4j.key: 2017-12-02T21:50:10-0500 - 1.69 kB
2017-12-03 02:50:12.698+0000 INFO [o.n.k.i.DiagnosticsManager]   - Total: 2017-12-02T21:50:10-0500 - 2.67 kB
2017-12-03 02:50:12.698+0000 INFO [o.n.k.i.DiagnosticsManager]   data:
2017-12-03 02:50:12.699+0000 INFO [o.n.k.i.DiagnosticsManager]     dbms:
2017-12-03 02:50:12.699+0000 INFO [o.n.k.i.DiagnosticsManager]       auth: 2017-12-02T21:50:12-0500 - 137.00 B
2017-12-03 02:50:12.699+0000 INFO [o.n.k.i.DiagnosticsManager]     - Total: 2017-12-02T21:50:12-0500 - 137.00 B
2017-12-03 02:50:12.699+0000 INFO [o.n.k.i.DiagnosticsManager]   - Total: 2017-12-02T21:50:12-0500 - 137.00 B
2017-12-03 02:50:12.700+0000 INFO [o.n.k.i.DiagnosticsManager]   index:
2017-12-03 02:50:12.700+0000 INFO [o.n.k.i.DiagnosticsManager]   - Total: 2017-12-02T21:50:11-0500 - 0.00 B
2017-12-03 02:50:12.700+0000 INFO [o.n.k.i.DiagnosticsManager]   logs:
2017-12-03 02:50:12.700+0000 INFO [o.n.k.i.DiagnosticsManager]     debug.log: 2017-12-02T21:50:12-0500 - 32.76 kB
2017-12-03 02:50:12.701+0000 INFO [o.n.k.i.DiagnosticsManager]   - Total: 2017-12-02T21:50:09-0500 - 32.76 kB
2017-12-03 02:50:12.701+0000 INFO [o.n.k.i.DiagnosticsManager]   neostore: 2017-12-02T21:50:11-0500 - 8.00 kB
2017-12-03 02:50:12.701+0000 INFO [o.n.k.i.DiagnosticsManager]   neostore.counts.db.a: 2017-12-02T21:50:12-0500 - 96.00 B
2017-12-03 02:50:12.702+0000 INFO [o.n.k.i.DiagnosticsManager]   neostore.id: 2017-12-02T21:50:11-0500 - 9.00 B
2017-12-03 02:50:12.702+0000 INFO [o.n.k.i.DiagnosticsManager]   neostore.labelscanstore.db: 2017-12-02T21:50:12-0500 - 40.00 kB
2017-12-03 02:50:12.702+0000 INFO [o.n.k.i.DiagnosticsManager]   neostore.labeltokenstore.db: 2017-12-02T21:50:11-0500 - 0.00 B
2017-12-03 02:50:12.702+0000 INFO [o.n.k.i.DiagnosticsManager]   neostore.labeltokenstore.db.id: 2017-12-02T21:50:11-0500 - 9.00 B
2017-12-03 02:50:12.703+0000 INFO [o.n.k.i.DiagnosticsManager]   neostore.labeltokenstore.db.names: 2017-12-02T21:50:11-0500 - 8.00 kB
2017-12-03 02:50:12.703+0000 INFO [o.n.k.i.DiagnosticsManager]   neostore.labeltokenstore.db.names.id: 2017-12-02T21:50:11-0500 - 9.00 B
2017-12-03 02:50:12.703+0000 INFO [o.n.k.i.DiagnosticsManager]   neostore.nodestore.db: 2017-12-02T21:50:10-0500 - 0.00 B
2017-12-03 02:50:12.704+0000 INFO [o.n.k.i.DiagnosticsManager]   neostore.nodestore.db.id: 2017-12-02T21:50:10-0500 - 9.00 B
2017-12-03 02:50:12.704+0000 INFO [o.n.k.i.DiagnosticsManager]   neostore.nodestore.db.labels: 2017-12-02T21:50:10-0500 - 8.00 kB
2017-12-03 02:50:12.704+0000 INFO [o.n.k.i.DiagnosticsManager]   neostore.nodestore.db.labels.id: 2017-12-02T21:50:10-0500 - 9.00 B
2017-12-03 02:50:12.705+0000 INFO [o.n.k.i.DiagnosticsManager]   neostore.propertystore.db: 2017-12-02T21:50:11-0500 - 0.00 B
2017-12-03 02:50:12.705+0000 INFO [o.n.k.i.DiagnosticsManager]   neostore.propertystore.db.arrays: 2017-12-02T21:50:11-0500 - 8.00 kB
2017-12-03 02:50:12.706+0000 INFO [o.n.k.i.DiagnosticsManager]   neostore.propertystore.db.arrays.id: 2017-12-02T21:50:11-0500 - 9.00 B
2017-12-03 02:50:12.706+0000 INFO [o.n.k.i.DiagnosticsManager]   neostore.propertystore.db.id: 2017-12-02T21:50:11-0500 - 9.00 B
2017-12-03 02:50:12.708+0000 INFO [o.n.k.i.DiagnosticsManager]   neostore.propertystore.db.index: 2017-12-02T21:50:10-0500 - 0.00 B
2017-12-03 02:50:12.708+0000 INFO [o.n.k.i.DiagnosticsManager]   neostore.propertystore.db.index.id: 2017-12-02T21:50:10-0500 - 9.00 B
2017-12-03 02:50:12.708+0000 INFO [o.n.k.i.DiagnosticsManager]   neostore.propertystore.db.index.keys: 2017-12-02T21:50:10-0500 - 8.00 kB
2017-12-03 02:50:12.709+0000 INFO [o.n.k.i.DiagnosticsManager]   neostore.propertystore.db.index.keys.id: 2017-12-02T21:50:10-0500 - 9.00 B
2017-12-03 02:50:12.709+0000 INFO [o.n.k.i.DiagnosticsManager]   neostore.propertystore.db.strings: 2017-12-02T21:50:11-0500 - 8.00 kB
2017-12-03 02:50:12.709+0000 INFO [o.n.k.i.DiagnosticsManager]   neostore.propertystore.db.strings.id: 2017-12-02T21:50:11-0500 - 9.00 B
2017-12-03 02:50:12.710+0000 INFO [o.n.k.i.DiagnosticsManager]   neostore.relationshipgroupstore.db: 2017-12-02T21:50:11-0500 - 8.00 kB
2017-12-03 02:50:12.710+0000 INFO [o.n.k.i.DiagnosticsManager]   neostore.relationshipgroupstore.db.id: 2017-12-02T21:50:11-0500 - 9.00 B
2017-12-03 02:50:12.710+0000 INFO [o.n.k.i.DiagnosticsManager]   neostore.relationshipstore.db: 2017-12-02T21:50:11-0500 - 0.00 B
2017-12-03 02:50:12.711+0000 INFO [o.n.k.i.DiagnosticsManager]   neostore.relationshipstore.db.id: 2017-12-02T21:50:11-0500 - 9.00 B
2017-12-03 02:50:12.711+0000 INFO [o.n.k.i.DiagnosticsManager]   neostore.relationshiptypestore.db: 2017-12-02T21:50:11-0500 - 0.00 B
2017-12-03 02:50:12.712+0000 INFO [o.n.k.i.DiagnosticsManager]   neostore.relationshiptypestore.db.id: 2017-12-02T21:50:11-0500 - 9.00 B
2017-12-03 02:50:12.712+0000 INFO [o.n.k.i.DiagnosticsManager]   neostore.relationshiptypestore.db.names: 2017-12-02T21:50:11-0500 - 8.00 kB
2017-12-03 02:50:12.712+0000 INFO [o.n.k.i.DiagnosticsManager]   neostore.relationshiptypestore.db.names.id: 2017-12-02T21:50:11-0500 - 9.00 B
2017-12-03 02:50:12.713+0000 INFO [o.n.k.i.DiagnosticsManager]   neostore.schemastore.db: 2017-12-02T21:50:11-0500 - 8.00 kB
2017-12-03 02:50:12.713+0000 INFO [o.n.k.i.DiagnosticsManager]   neostore.schemastore.db.id: 2017-12-02T21:50:11-0500 - 9.00 B
2017-12-03 02:50:12.714+0000 INFO [o.n.k.i.DiagnosticsManager]   neostore.transaction.db.0: 2017-12-02T21:50:12-0500 - 16.00 B
2017-12-03 02:50:12.714+0000 INFO [o.n.k.i.DiagnosticsManager]   store_lock: 2017-12-02T21:50:10-0500 - 0.00 B
2017-12-03 02:50:12.714+0000 INFO [o.n.k.i.DiagnosticsManager] Storage summary: 
2017-12-03 02:50:12.714+0000 INFO [o.n.k.i.DiagnosticsManager]   Total size of store: 147.80 kB
2017-12-03 02:50:12.715+0000 INFO [o.n.k.i.DiagnosticsManager]   Total size of mapped files: 112.00 kB
2017-12-03 02:50:12.715+0000 INFO [o.n.k.i.DiagnosticsManager] --- STARTED diagnostics for KernelDiagnostics:StoreFiles END ---
2017-12-03 02:50:13.961+0000 INFO [o.n.k.i.DiagnosticsManager] --- SERVER STARTED START ---
2017-12-03 02:50:14.844+0000 INFO [o.n.k.i.DiagnosticsManager] --- SERVER STARTED END ---
2017-12-03 02:52:12.123+0000 ERROR [o.n.k.i.u.w.DefaultFileDeletionEventListener] 'Cypher_scripts' which belongs to the store was deleted while database was running.
2017-12-03 02:52:20.466+0000 ERROR [o.n.k.i.u.w.DefaultFileDeletionEventListener] 'Code' which belongs to the store was deleted while database was running.
2017-12-03 02:52:30.091+0000 ERROR [o.n.k.i.u.w.DefaultFileDeletionEventListener] 'cypher_scripts' which belongs to the store was deleted while database was running.
2017-12-03 02:52:30.092+0000 ERROR [o.n.k.i.u.w.DefaultFileDeletionEventListener] 'cypher_scripts' which belongs to the store was deleted while database was running.
2017-12-03 02:52:39.434+0000 ERROR [o.n.k.i.u.w.DefaultFileDeletionEventListener] 'Cypher_Scripts' which belongs to the store was deleted while database was running.
2017-12-03 02:53:14.944+0000 INFO [o.n.c.i.ExecutionEngine] Discarded stale query from the query cache: 
CALL db.labels() YIELD label
WITH COLLECT(label)[..1000] AS labels
RETURN 'labels' as a, labels as result
UNION
CALL db.relationshipTypes() YIELD relationshipType
WITH COLLECT(relationshipType)[..1000] AS relationshipTypes
RETURN 'relationshipTypes' as a, relationshipTypes as result
UNION
CALL db.propertyKeys() YIELD propertyKey
WITH COLLECT(propertyKey)[..1000] AS propertyKeys
RETURN 'propertyKeys' as a, propertyKeys as result
UNION
CALL dbms.functions() YIELD name, signature, description
WITH collect({name: name, signature: signature, description: description}) as functions
RETURN 'functions' as a, functions AS result
UNION
CALL dbms.procedures() YIELD name, signature, description
WITH collect({name: name, signature: signature, description: description}) as procedures
RETURN 'procedures' as a, procedures as result

2017-12-03 02:53:14.953+0000 INFO [o.n.c.i.CommunityCompatibilityFactory] Discarded stale query from the query cache: CALL db.labels() YIELD label
WITH COLLECT(label)[..1000] AS labels
RETURN 'labels' as a, labels as result
UNION
CALL db.relationshipTypes() YIELD relationshipType
WITH COLLECT(relationshipType)[..1000] AS relationshipTypes
RETURN 'relationshipTypes' as a, relationshipTypes as result
UNION
CALL db.propertyKeys() YIELD propertyKey
WITH COLLECT(propertyKey)[..1000] AS propertyKeys
RETURN 'propertyKeys' as a, propertyKeys as result
UNION
CALL dbms.functions() YIELD name, signature, description
WITH collect({name: name, signature: signature, description: description}) as functions
RETURN 'functions' as a, functions AS result
UNION
CALL dbms.procedures() YIELD name, signature, description
WITH collect({name: name, signature: signature, description: description}) as procedures
RETURN 'procedures' as a, procedures as result

2017-12-03 03:10:02.267+0000 INFO [o.n.k.i.t.l.c.CheckPointerImpl] Check Pointing triggered by scheduler for time threshold [31]:  Starting check pointing...
2017-12-03 03:10:02.268+0000 INFO [o.n.k.i.t.l.c.CheckPointerImpl] Check Pointing triggered by scheduler for time threshold [31]:  Starting store flush...
2017-12-03 03:10:02.314+0000 INFO [o.n.k.i.s.c.CountsTracker] About to rotate counts store at transaction 31 to [C:\Users\kucer\Google Drive\Examples\neo4j\Fraud_detection\neostore.counts.db.b], from [C:\Users\kucer\Google Drive\Examples\neo4j\Fraud_detection\neostore.counts.db.a].
2017-12-03 03:10:02.332+0000 INFO [o.n.k.i.s.c.CountsTracker] Successfully rotated counts store at transaction 31 to [C:\Users\kucer\Google Drive\Examples\neo4j\Fraud_detection\neostore.counts.db.b], from [C:\Users\kucer\Google Drive\Examples\neo4j\Fraud_detection\neostore.counts.db.a].
2017-12-03 03:10:02.513+0000 INFO [o.n.k.i.t.l.c.CheckPointerImpl] Check Pointing triggered by scheduler for time threshold [31]:  Store flush completed
2017-12-03 03:10:02.513+0000 INFO [o.n.k.i.t.l.c.CheckPointerImpl] Check Pointing triggered by scheduler for time threshold [31]:  Starting appending check point entry into the tx log...
2017-12-03 03:10:02.520+0000 INFO [o.n.k.i.t.l.c.CheckPointerImpl] Check Pointing triggered by scheduler for time threshold [31]:  Appending check point entry into the tx log completed
2017-12-03 03:10:02.520+0000 INFO [o.n.k.i.t.l.c.CheckPointerImpl] Check Pointing triggered by scheduler for time threshold [31]:  Check pointing completed
2017-12-03 03:10:02.520+0000 INFO [o.n.k.i.t.l.p.LogPruningImpl] Log Rotation [0]:  Starting log pruning.
2017-12-03 03:10:02.521+0000 INFO [o.n.k.i.t.l.p.LogPruningImpl] Log Rotation [0]:  Log pruning complete.
2017-12-03 03:11:04.026+0000 INFO [o.n.k.i.f.GraphDatabaseFacadeFactory] Shutdown started
2017-12-03 03:11:04.026+0000 INFO [o.n.k.i.f.GraphDatabaseFacadeFactory] Database is now unavailable
2017-12-03 03:11:04.034+0000 INFO [o.n.k.i.t.l.c.CheckPointerImpl] Check Pointing triggered by database shutdown [31]:  Starting check pointing...
2017-12-03 03:11:04.034+0000 INFO [o.n.k.i.t.l.c.CheckPointerImpl] Check Pointing triggered by database shutdown [31]:  Starting store flush...
2017-12-03 03:11:04.065+0000 INFO [o.n.k.i.t.l.c.CheckPointerImpl] Check Pointing triggered by database shutdown [31]:  Store flush completed
2017-12-03 03:11:04.065+0000 INFO [o.n.k.i.t.l.c.CheckPointerImpl] Check Pointing triggered by database shutdown [31]:  Starting appending check point entry into the tx log...
2017-12-03 03:11:04.090+0000 INFO [o.n.k.i.t.l.c.CheckPointerImpl] Check Pointing triggered by database shutdown [31]:  Appending check point entry into the tx log completed
2017-12-03 03:11:04.090+0000 INFO [o.n.k.i.t.l.c.CheckPointerImpl] Check Pointing triggered by database shutdown [31]:  Check pointing completed
2017-12-03 03:11:04.090+0000 INFO [o.n.k.i.t.l.p.LogPruningImpl] Log Rotation [0]:  Starting log pruning.
2017-12-03 03:11:04.090+0000 INFO [o.n.k.i.t.l.p.LogPruningImpl] Log Rotation [0]:  Log pruning complete.
2017-12-03 03:11:04.433+0000 INFO [o.n.k.i.DiagnosticsManager] --- STOPPING diagnostics START ---
2017-12-03 03:11:04.433+0000 INFO [o.n.k.i.DiagnosticsManager] --- STOPPING diagnostics END ---
2017-12-05 23:04:49.380+0000 WARN [o.n.i.p.PageCache] The dbms.memory.pagecache.size setting has not been configured. It is recommended that this setting is always explicitly configured, to ensure the system has a balanced configuration. Until then, a computed heuristic value of 4985440256 bytes will be used instead. 
2017-12-05 23:04:49.388+0000 INFO [o.n.k.i.f.CommunityEditionModule] No locking implementation specified, defaulting to 'community'
2017-12-05 23:04:49.399+0000 INFO [o.n.k.AvailabilityGuard] Requirement makes database unavailable: Database available
2017-12-05 23:04:49.399+0000 INFO [o.n.k.i.DiagnosticsManager] --- INITIALIZED diagnostics START ---
2017-12-05 23:04:49.399+0000 INFO [o.n.k.i.DiagnosticsManager] Neo4j Kernel properties:
2017-12-05 23:04:49.399+0000 INFO [o.n.k.i.DiagnosticsManager] dbms.connector.http.enabled=true
2017-12-05 23:04:49.399+0000 INFO [o.n.k.i.DiagnosticsManager] unsupported.dbms.edition=community
2017-12-05 23:04:49.399+0000 INFO [o.n.k.i.DiagnosticsManager] dbms.security.auth_enabled=true
2017-12-05 23:04:49.400+0000 INFO [o.n.k.i.DiagnosticsManager] dbms.connector.bolt.enabled=true
2017-12-05 23:04:49.400+0000 INFO [o.n.k.i.DiagnosticsManager] unsupported.dbms.directories.neo4j_home=C:\Users\kucer\Google Drive\Examples\neo4j\Fraud_detection
2017-12-05 23:04:49.400+0000 INFO [o.n.k.i.DiagnosticsManager] dbms.logs.http.enabled=false
2017-12-05 23:04:49.400+0000 INFO [o.n.k.i.DiagnosticsManager] dbms.connector.https.enabled=true
2017-12-05 23:04:49.400+0000 INFO [o.n.k.i.DiagnosticsManager] dbms.directories.import=import
2017-12-05 23:04:49.400+0000 INFO [o.n.k.i.DiagnosticsManager] unsupported.dbms.directories.database=C:\Users\kucer\Google Drive\Examples\neo4j\Fraud_detection
2017-12-05 23:04:49.400+0000 INFO [o.n.k.i.DiagnosticsManager] Diagnostics providers:
2017-12-05 23:04:49.400+0000 INFO [o.n.k.i.DiagnosticsManager] org.neo4j.kernel.configuration.Config
2017-12-05 23:04:49.400+0000 INFO [o.n.k.i.DiagnosticsManager] org.neo4j.kernel.info.DiagnosticsManager
2017-12-05 23:04:49.400+0000 INFO [o.n.k.i.DiagnosticsManager] SYSTEM_MEMORY
2017-12-05 23:04:49.400+0000 INFO [o.n.k.i.DiagnosticsManager] JAVA_MEMORY
2017-12-05 23:04:49.400+0000 INFO [o.n.k.i.DiagnosticsManager] OPERATING_SYSTEM
2017-12-05 23:04:49.400+0000 INFO [o.n.k.i.DiagnosticsManager] JAVA_VIRTUAL_MACHINE
2017-12-05 23:04:49.400+0000 INFO [o.n.k.i.DiagnosticsManager] CLASSPATH
2017-12-05 23:04:49.400+0000 INFO [o.n.k.i.DiagnosticsManager] LIBRARY_PATH
2017-12-05 23:04:49.400+0000 INFO [o.n.k.i.DiagnosticsManager] SYSTEM_PROPERTIES
2017-12-05 23:04:49.400+0000 INFO [o.n.k.i.DiagnosticsManager] NETWORK
2017-12-05 23:04:49.400+0000 INFO [o.n.k.i.DiagnosticsManager] System memory information:
2017-12-05 23:04:49.400+0000 INFO [o.n.k.i.DiagnosticsManager] Total Physical memory: 11.94 GB
2017-12-05 23:04:49.400+0000 INFO [o.n.k.i.DiagnosticsManager] Free Physical memory: 7.27 GB
2017-12-05 23:04:49.400+0000 INFO [o.n.k.i.DiagnosticsManager] Committed virtual memory: 903.95 MB
2017-12-05 23:04:49.400+0000 INFO [o.n.k.i.DiagnosticsManager] Total swap space: 13.75 GB
2017-12-05 23:04:49.400+0000 INFO [o.n.k.i.DiagnosticsManager] Free swap space: 7.94 GB
2017-12-05 23:04:49.400+0000 INFO [o.n.k.i.DiagnosticsManager] JVM memory information:
2017-12-05 23:04:49.400+0000 INFO [o.n.k.i.DiagnosticsManager] Free  memory: 207.61 MB
2017-12-05 23:04:49.400+0000 INFO [o.n.k.i.DiagnosticsManager] Total memory: 340.50 MB
2017-12-05 23:04:49.400+0000 INFO [o.n.k.i.DiagnosticsManager] Max   memory: 2.65 GB
2017-12-05 23:04:49.400+0000 INFO [o.n.k.i.DiagnosticsManager] Garbage Collector: PS Scavenge: [PS Eden Space, PS Survivor Space]
2017-12-05 23:04:49.400+0000 INFO [o.n.k.i.DiagnosticsManager] Garbage Collector: PS MarkSweep: [PS Eden Space, PS Survivor Space, PS Old Gen]
2017-12-05 23:04:49.401+0000 INFO [o.n.k.i.DiagnosticsManager] Memory Pool: Code Cache (Non-heap memory): committed=33.25 MB, used=33.04 MB, max=240.00 MB, threshold=0.00 B
2017-12-05 23:04:49.401+0000 INFO [o.n.k.i.DiagnosticsManager] Memory Pool: Metaspace (Non-heap memory): committed=73.88 MB, used=71.82 MB, max=-1.00 B, threshold=0.00 B
2017-12-05 23:04:49.401+0000 INFO [o.n.k.i.DiagnosticsManager] Memory Pool: Compressed Class Space (Non-heap memory): committed=11.63 MB, used=11.21 MB, max=1.00 GB, threshold=0.00 B
2017-12-05 23:04:49.401+0000 INFO [o.n.k.i.DiagnosticsManager] Memory Pool: PS Eden Space (Heap memory): committed=200.50 MB, used=103.05 MB, max=995.50 MB, threshold=?
2017-12-05 23:04:49.401+0000 INFO [o.n.k.i.DiagnosticsManager] Memory Pool: PS Survivor Space (Heap memory): committed=5.00 MB, used=4.96 MB, max=5.00 MB, threshold=?
2017-12-05 23:04:49.401+0000 INFO [o.n.k.i.DiagnosticsManager] Memory Pool: PS Old Gen (Heap memory): committed=135.00 MB, used=24.88 MB, max=1.99 GB, threshold=0.00 B
2017-12-05 23:04:49.401+0000 INFO [o.n.k.i.DiagnosticsManager] Operating system information:
2017-12-05 23:04:49.401+0000 INFO [o.n.k.i.DiagnosticsManager] Operating System: Windows 10; version: 10.0; arch: amd64; cpus: 8
2017-12-05 23:04:49.402+0000 INFO [o.n.k.i.DiagnosticsManager] Process id: 12068@DESKTOP-91CC2TB
2017-12-05 23:04:49.402+0000 INFO [o.n.k.i.DiagnosticsManager] Byte order: LITTLE_ENDIAN
2017-12-05 23:04:49.402+0000 INFO [o.n.k.i.DiagnosticsManager] Local timezone: America/New_York
2017-12-05 23:04:49.402+0000 INFO [o.n.k.i.DiagnosticsManager] JVM information:
2017-12-05 23:04:49.402+0000 INFO [o.n.k.i.DiagnosticsManager] VM Name: Java HotSpot(TM) 64-Bit Server VM
2017-12-05 23:04:49.402+0000 INFO [o.n.k.i.DiagnosticsManager] VM Vendor: Oracle Corporation
2017-12-05 23:04:49.402+0000 INFO [o.n.k.i.DiagnosticsManager] VM Version: 25.151-b12
2017-12-05 23:04:49.402+0000 INFO [o.n.k.i.DiagnosticsManager] JIT compiler: HotSpot 64-Bit Tiered Compilers
2017-12-05 23:04:49.402+0000 INFO [o.n.k.i.DiagnosticsManager] VM Arguments: [-Dexe4j.semaphoreName=Local\c:_program_files_neo4j_ce_3.3.0_bin_neo4j-ce.exe, -Dexe4j.isInstall4j=true, -Dexe4j.moduleName=C:\Program Files\Neo4j CE 3.3.0\bin\neo4j-ce.exe, -Dexe4j.tempDir=, -Dexe4j.unextractedPosition=0, -Djava.library.path=c:\Rtools\bin;c:\Rtools\mingw_32\bin;C:\Program Files\Microsoft MPI\Bin\;C:\ProgramData\Oracle\Java\javapath;C:\Program Files (x86)\Intel\iCLS Client\;C:\Program Files\Intel\iCLS Client\;C:\Windows\system32;C:\Windows;C:\Windows\System32\Wbem;C:\Windows\System32\WindowsPowerShell\v1.0\;C:\Program Files (x86)\NVIDIA Corporation\PhysX\Common;C:\Program Files (x86)\Intel\Intel(R) Management Engine Components\DAL;C:\Program Files\Intel\Intel(R) Management Engine Components\DAL;C:\Program Files (x86)\Intel\Intel(R) Management Engine Components\IPT;C:\Program Files\Intel\Intel(R) Management Engine Components\IPT;C:\WINDOWS\system32;C:\WINDOWS;C:\WINDOWS\System32\Wbem;C:\WINDOWS\System32\WindowsPowerShell\v1.0\;C:\Anaconda3;C:\Anaconda3\Scripts;C:\Anaconda3\Library\bin;C:\Program Files\Git\cmd;C:\Users\kucer\AppData\Local\Microsoft\WindowsApps;C:\Program Files\Microsoft VS Code\bin;;c:\program files\java\jre1.8.0_151\bin, -Dexe4j.consoleCodepage=cp0, -Dinstall4j.launcherId=24, -Dinstall4j.swt=false]
2017-12-05 23:04:49.402+0000 INFO [o.n.k.i.DiagnosticsManager] Java classpath:
2017-12-05 23:04:49.405+0000 INFO [o.n.k.i.DiagnosticsManager]  [classpath] C:\Program Files\Neo4j CE 3.3.0\.install4j\i4jruntime.jar
2017-12-05 23:04:49.405+0000 INFO [o.n.k.i.DiagnosticsManager]  [loader.0] file:/C:/Program%20Files/Neo4j%20CE%203.3.0/.install4j/i4jruntime.jar
2017-12-05 23:04:49.405+0000 INFO [o.n.k.i.DiagnosticsManager]  [loader.1] file:/C:/Program%20Files/Java/jre1.8.0_151/lib/ext/jfxrt.jar
2017-12-05 23:04:49.405+0000 INFO [o.n.k.i.DiagnosticsManager]  [loader.1] file:/C:/Program%20Files/Java/jre1.8.0_151/lib/ext/sunpkcs11.jar
2017-12-05 23:04:49.405+0000 INFO [o.n.k.i.DiagnosticsManager]  [loader.1] file:/C:/Program%20Files/Java/jre1.8.0_151/lib/ext/zipfs.jar
2017-12-05 23:04:49.405+0000 INFO [o.n.k.i.DiagnosticsManager]  [bootstrap] C:\Program Files\Java\jre1.8.0_151\lib\sunrsasign.jar
2017-12-05 23:04:49.405+0000 INFO [o.n.k.i.DiagnosticsManager]  [bootstrap] C:\Program Files\Java\jre1.8.0_151\lib\jfr.jar
2017-12-05 23:04:49.405+0000 INFO [o.n.k.i.DiagnosticsManager]  [loader.1] file:/C:/Program%20Files/Java/jre1.8.0_151/lib/ext/access-bridge-64.jar
2017-12-05 23:04:49.405+0000 INFO [o.n.k.i.DiagnosticsManager]  [bootstrap] C:\Program Files\Java\jre1.8.0_151\lib\resources.jar
2017-12-05 23:04:49.405+0000 INFO [o.n.k.i.DiagnosticsManager]  [loader.1] file:/C:/Program%20Files/Java/jre1.8.0_151/lib/ext/sunmscapi.jar
2017-12-05 23:04:49.405+0000 INFO [o.n.k.i.DiagnosticsManager]  [bootstrap] C:\Program Files\Java\jre1.8.0_151\classes
2017-12-05 23:04:49.406+0000 INFO [o.n.k.i.DiagnosticsManager]  [loader.1] file:/C:/Program%20Files/Java/jre1.8.0_151/lib/ext/localedata.jar
2017-12-05 23:04:49.406+0000 INFO [o.n.k.i.DiagnosticsManager]  [bootstrap] C:\Program Files\Java\jre1.8.0_151\lib\jce.jar
2017-12-05 23:04:49.406+0000 INFO [o.n.k.i.DiagnosticsManager]  [loader.1] file:/C:/Program%20Files/Java/jre1.8.0_151/lib/ext/jaccess.jar
2017-12-05 23:04:49.406+0000 INFO [o.n.k.i.DiagnosticsManager]  [bootstrap] C:\Program Files\Java\jre1.8.0_151\lib\rt.jar
2017-12-05 23:04:49.406+0000 INFO [o.n.k.i.DiagnosticsManager]  [loader.1] file:/C:/Program%20Files/Java/jre1.8.0_151/lib/ext/cldrdata.jar
2017-12-05 23:04:49.406+0000 INFO [o.n.k.i.DiagnosticsManager]  [bootstrap] C:\Program Files\Java\jre1.8.0_151\lib\jsse.jar
2017-12-05 23:04:49.406+0000 INFO [o.n.k.i.DiagnosticsManager]  [bootstrap] C:\Program Files\Java\jre1.8.0_151\lib\charsets.jar
2017-12-05 23:04:49.406+0000 INFO [o.n.k.i.DiagnosticsManager]  [loader.1] file:/C:/Program%20Files/Java/jre1.8.0_151/lib/ext/sunec.jar
2017-12-05 23:04:49.406+0000 INFO [o.n.k.i.DiagnosticsManager]  [loader.1] file:/C:/Program%20Files/Java/jre1.8.0_151/lib/ext/nashorn.jar
2017-12-05 23:04:49.406+0000 INFO [o.n.k.i.DiagnosticsManager]  [classpath] C:\Program Files\Neo4j CE 3.3.0\bin\neo4j-desktop-3.3.0.jar
2017-12-05 23:04:49.406+0000 INFO [o.n.k.i.DiagnosticsManager]  [loader.1] file:/C:/Program%20Files/Java/jre1.8.0_151/lib/ext/sunjce_provider.jar
2017-12-05 23:04:49.406+0000 INFO [o.n.k.i.DiagnosticsManager]  [loader.1] file:/C:/Program%20Files/Java/jre1.8.0_151/lib/ext/dnsns.jar
2017-12-05 23:04:49.406+0000 INFO [o.n.k.i.DiagnosticsManager]  [loader.0] file:/C:/Program%20Files/Neo4j%20CE%203.3.0/bin/neo4j-desktop-3.3.0.jar
2017-12-05 23:04:49.406+0000 INFO [o.n.k.i.DiagnosticsManager] Library path:
2017-12-05 23:04:49.406+0000 INFO [o.n.k.i.DiagnosticsManager] C:\Rtools\bin
2017-12-05 23:04:49.406+0000 INFO [o.n.k.i.DiagnosticsManager] C:\Rtools\mingw_32\bin
2017-12-05 23:04:49.406+0000 INFO [o.n.k.i.DiagnosticsManager] C:\Program Files\Microsoft MPI\Bin
2017-12-05 23:04:49.407+0000 INFO [o.n.k.i.DiagnosticsManager] C:\ProgramData\Oracle\Java\javapath
2017-12-05 23:04:49.407+0000 INFO [o.n.k.i.DiagnosticsManager] C:\Program Files (x86)\Intel\iCLS Client
2017-12-05 23:04:49.407+0000 INFO [o.n.k.i.DiagnosticsManager] C:\Program Files\Intel\iCLS Client
2017-12-05 23:04:49.407+0000 INFO [o.n.k.i.DiagnosticsManager] C:\Windows\System32
2017-12-05 23:04:49.407+0000 INFO [o.n.k.i.DiagnosticsManager] C:\Windows
2017-12-05 23:04:49.407+0000 INFO [o.n.k.i.DiagnosticsManager] C:\Windows\System32\wbem
2017-12-05 23:04:49.408+0000 INFO [o.n.k.i.DiagnosticsManager] C:\Windows\System32\WindowsPowerShell\v1.0
2017-12-05 23:04:49.408+0000 INFO [o.n.k.i.DiagnosticsManager] C:\Program Files (x86)\NVIDIA Corporation\PhysX\Common
2017-12-05 23:04:49.408+0000 INFO [o.n.k.i.DiagnosticsManager] C:\Program Files (x86)\Intel\Intel(R) Management Engine Components\DAL
2017-12-05 23:04:49.408+0000 INFO [o.n.k.i.DiagnosticsManager] C:\Program Files\Intel\Intel(R) Management Engine Components\DAL
2017-12-05 23:04:49.409+0000 INFO [o.n.k.i.DiagnosticsManager] C:\Program Files (x86)\Intel\Intel(R) Management Engine Components\IPT
2017-12-05 23:04:49.409+0000 INFO [o.n.k.i.DiagnosticsManager] C:\Program Files\Intel\Intel(R) Management Engine Components\IPT
2017-12-05 23:04:49.409+0000 INFO [o.n.k.i.DiagnosticsManager] C:\Windows\System32
2017-12-05 23:04:49.409+0000 INFO [o.n.k.i.DiagnosticsManager] C:\Windows
2017-12-05 23:04:49.409+0000 INFO [o.n.k.i.DiagnosticsManager] C:\Windows\System32\wbem
2017-12-05 23:04:49.409+0000 INFO [o.n.k.i.DiagnosticsManager] C:\Windows\System32\WindowsPowerShell\v1.0
2017-12-05 23:04:49.410+0000 INFO [o.n.k.i.DiagnosticsManager] C:\Anaconda3
2017-12-05 23:04:49.410+0000 INFO [o.n.k.i.DiagnosticsManager] C:\Anaconda3\Scripts
2017-12-05 23:04:49.410+0000 INFO [o.n.k.i.DiagnosticsManager] C:\Anaconda3\Library\bin
2017-12-05 23:04:49.410+0000 INFO [o.n.k.i.DiagnosticsManager] C:\Program Files\Git\cmd
2017-12-05 23:04:49.410+0000 INFO [o.n.k.i.DiagnosticsManager] C:\Users\kucer\AppData\Local\Microsoft\WindowsApps
2017-12-05 23:04:49.411+0000 INFO [o.n.k.i.DiagnosticsManager] C:\Program Files\Microsoft VS Code\bin
2017-12-05 23:04:49.411+0000 INFO [o.n.k.i.DiagnosticsManager] C:\Program Files\Neo4j CE 3.3.0\bin
2017-12-05 23:04:49.411+0000 INFO [o.n.k.i.DiagnosticsManager] C:\Program Files\Java\jre1.8.0_151\bin
2017-12-05 23:04:49.411+0000 INFO [o.n.k.i.DiagnosticsManager] System.properties:
2017-12-05 23:04:49.411+0000 INFO [o.n.k.i.DiagnosticsManager] exe4j.moduleName = C:\Program Files\Neo4j CE 3.3.0\bin\neo4j-ce.exe
2017-12-05 23:04:49.411+0000 INFO [o.n.k.i.DiagnosticsManager] exe4j.semaphoreName = Local\c:_program_files_neo4j_ce_3.3.0_bin_neo4j-ce.exe
2017-12-05 23:04:49.411+0000 INFO [o.n.k.i.DiagnosticsManager] sun.boot.library.path = c:\program files\java\jre1.8.0_151\bin
2017-12-05 23:04:49.411+0000 INFO [o.n.k.i.DiagnosticsManager] exe4j.consoleCodepage = cp0
2017-12-05 23:04:49.411+0000 INFO [o.n.k.i.DiagnosticsManager] path.separator = ;
2017-12-05 23:04:49.411+0000 INFO [o.n.k.i.DiagnosticsManager] file.encoding.pkg = sun.io
2017-12-05 23:04:49.411+0000 INFO [o.n.k.i.DiagnosticsManager] user.country = US
2017-12-05 23:04:49.411+0000 INFO [o.n.k.i.DiagnosticsManager] user.script = 
2017-12-05 23:04:49.411+0000 INFO [o.n.k.i.DiagnosticsManager] sun.os.patch.level = 
2017-12-05 23:04:49.411+0000 INFO [o.n.k.i.DiagnosticsManager] install4j.exeDir = C:\Program Files\Neo4j CE 3.3.0\bin\
2017-12-05 23:04:49.411+0000 INFO [o.n.k.i.DiagnosticsManager] user.dir = C:\Program Files\Neo4j CE 3.3.0\bin
2017-12-05 23:04:49.411+0000 INFO [o.n.k.i.DiagnosticsManager] user.variant = 
2017-12-05 23:04:49.411+0000 INFO [o.n.k.i.DiagnosticsManager] exe4j.tempDir = 
2017-12-05 23:04:49.411+0000 INFO [o.n.k.i.DiagnosticsManager] sun.jnu.encoding = Cp1252
2017-12-05 23:04:49.411+0000 INFO [o.n.k.i.DiagnosticsManager] sun.nio.ch.bugLevel = 
2017-12-05 23:04:49.411+0000 INFO [o.n.k.i.DiagnosticsManager] unsupported.dbms.udc.source = desktop
2017-12-05 23:04:49.411+0000 INFO [o.n.k.i.DiagnosticsManager] sun.awt.enableExtraMouseButtons = true
2017-12-05 23:04:49.411+0000 INFO [o.n.k.i.DiagnosticsManager] install4j.launcherId = 24
2017-12-05 23:04:49.411+0000 INFO [o.n.k.i.DiagnosticsManager] sun.management.compiler = HotSpot 64-Bit Tiered Compilers
2017-12-05 23:04:49.411+0000 INFO [o.n.k.i.DiagnosticsManager] exe4j.isInstall4j = true
2017-12-05 23:04:49.411+0000 INFO [o.n.k.i.DiagnosticsManager] install4j.swt = false
2017-12-05 23:04:49.411+0000 INFO [o.n.k.i.DiagnosticsManager] user.home = C:\Users\kucer
2017-12-05 23:04:49.411+0000 INFO [o.n.k.i.DiagnosticsManager] user.timezone = America/New_York
2017-12-05 23:04:49.411+0000 INFO [o.n.k.i.DiagnosticsManager] file.encoding = Cp1252
2017-12-05 23:04:49.411+0000 INFO [o.n.k.i.DiagnosticsManager] user.name = MK
2017-12-05 23:04:49.411+0000 INFO [o.n.k.i.DiagnosticsManager] sun.java.command = C:\Program Files\Neo4j CE 3.3.0\bin\neo4j-ce.exe
2017-12-05 23:04:49.411+0000 INFO [o.n.k.i.DiagnosticsManager] sun.arch.data.model = 64
2017-12-05 23:04:49.411+0000 INFO [o.n.k.i.DiagnosticsManager] exe4j.launchName = C:\Program Files\Neo4j CE 3.3.0\bin\neo4j-ce.exe
2017-12-05 23:04:49.411+0000 INFO [o.n.k.i.DiagnosticsManager] user.language = en
2017-12-05 23:04:49.411+0000 INFO [o.n.k.i.DiagnosticsManager] awt.toolkit = sun.awt.windows.WToolkit
2017-12-05 23:04:49.411+0000 INFO [o.n.k.i.DiagnosticsManager] exe4j.unextractedPosition = 0
2017-12-05 23:04:49.411+0000 INFO [o.n.k.i.DiagnosticsManager] install4j.appDir = C:\Program Files\Neo4j CE 3.3.0\
2017-12-05 23:04:49.411+0000 INFO [o.n.k.i.DiagnosticsManager] file.separator = \
2017-12-05 23:04:49.411+0000 INFO [o.n.k.i.DiagnosticsManager] sun.io.unicode.encoding = UnicodeLittle
2017-12-05 23:04:49.411+0000 INFO [o.n.k.i.DiagnosticsManager] sun.cpu.endian = little
2017-12-05 23:04:49.411+0000 INFO [o.n.k.i.DiagnosticsManager] sun.desktop = windows
2017-12-05 23:04:49.412+0000 INFO [o.n.k.i.DiagnosticsManager] sun.cpu.isalist = amd64
2017-12-05 23:04:49.412+0000 INFO [o.n.k.i.DiagnosticsManager] Network information:
2017-12-05 23:04:49.455+0000 INFO [o.n.k.i.DiagnosticsManager] Interface Software Loopback Interface 1:
2017-12-05 23:04:49.455+0000 INFO [o.n.k.i.DiagnosticsManager]     address: 127.0.0.1
2017-12-05 23:04:49.455+0000 INFO [o.n.k.i.DiagnosticsManager]     address: 0:0:0:0:0:0:0:1
2017-12-05 23:04:49.455+0000 INFO [o.n.k.i.DiagnosticsManager] Interface Microsoft Kernel Debug Network Adapter:
2017-12-05 23:04:49.455+0000 INFO [o.n.k.i.DiagnosticsManager] Interface WAN Miniport (PPTP):
2017-12-05 23:04:49.455+0000 INFO [o.n.k.i.DiagnosticsManager] Interface Microsoft Hosted Network Virtual Adapter:
2017-12-05 23:04:49.455+0000 INFO [o.n.k.i.DiagnosticsManager] Interface WAN Miniport (IP):
2017-12-05 23:04:49.455+0000 INFO [o.n.k.i.DiagnosticsManager] Interface Bluetooth Device (RFCOMM Protocol TDI):
2017-12-05 23:04:49.455+0000 INFO [o.n.k.i.DiagnosticsManager] Interface Realtek PCIe GBE Family Controller:
2017-12-05 23:04:49.455+0000 INFO [o.n.k.i.DiagnosticsManager]     address: fe80:0:0:0:6101:859:b0fb:7458%eth2
2017-12-05 23:04:49.455+0000 INFO [o.n.k.i.DiagnosticsManager] Interface Realtek 8821AE Wireless LAN 802.11ac PCI-E NIC:
2017-12-05 23:04:49.455+0000 INFO [o.n.k.i.DiagnosticsManager]     address: 192.168.1.2
2017-12-05 23:04:49.455+0000 INFO [o.n.k.i.DiagnosticsManager]     address: fe80:0:0:0:c10d:b64e:734e:add0%wlan1
2017-12-05 23:04:49.455+0000 INFO [o.n.k.i.DiagnosticsManager] Interface WAN Miniport (L2TP):
2017-12-05 23:04:49.455+0000 INFO [o.n.k.i.DiagnosticsManager] Interface WAN Miniport (SSTP):
2017-12-05 23:04:49.455+0000 INFO [o.n.k.i.DiagnosticsManager] Interface Teredo Tunneling Pseudo-Interface:
2017-12-05 23:04:49.455+0000 INFO [o.n.k.i.DiagnosticsManager]     address: 2001:0:5ef5:79fb:2463:14fc:3f57:fefd
2017-12-05 23:04:49.455+0000 INFO [o.n.k.i.DiagnosticsManager]     address: fe80:0:0:0:2463:14fc:3f57:fefd%net4
2017-12-05 23:04:49.455+0000 INFO [o.n.k.i.DiagnosticsManager] Interface WAN Miniport (IPv6):
2017-12-05 23:04:49.455+0000 INFO [o.n.k.i.DiagnosticsManager] Interface WAN Miniport (Network Monitor):
2017-12-05 23:04:49.455+0000 INFO [o.n.k.i.DiagnosticsManager] Interface WAN Miniport (PPPOE):
2017-12-05 23:04:49.455+0000 INFO [o.n.k.i.DiagnosticsManager] Interface TunnelBear Adapter V9:
2017-12-05 23:04:49.455+0000 INFO [o.n.k.i.DiagnosticsManager]     address: fe80:0:0:0:74d2:1ce8:cd7c:9d%eth5
2017-12-05 23:04:49.455+0000 INFO [o.n.k.i.DiagnosticsManager] Interface Bluetooth Device (Personal Area Network):
2017-12-05 23:04:49.455+0000 INFO [o.n.k.i.DiagnosticsManager]     address: fe80:0:0:0:c597:2b01:1eeb:752c%eth6
2017-12-05 23:04:49.455+0000 INFO [o.n.k.i.DiagnosticsManager] Interface Microsoft Wi-Fi Direct Virtual Adapter:
2017-12-05 23:04:49.455+0000 INFO [o.n.k.i.DiagnosticsManager]     address: fe80:0:0:0:fde6:a40b:bb11:499b%wlan2
2017-12-05 23:04:49.455+0000 INFO [o.n.k.i.DiagnosticsManager] Interface WAN Miniport (IKEv2):
2017-12-05 23:04:49.455+0000 INFO [o.n.k.i.DiagnosticsManager] Interface TunnelBear Adapter V9-WFP Native MAC Layer LightWeight Filter-0000:
2017-12-05 23:04:49.455+0000 INFO [o.n.k.i.DiagnosticsManager] Interface TunnelBear Adapter V9-QoS Packet Scheduler-0000:
2017-12-05 23:04:49.455+0000 INFO [o.n.k.i.DiagnosticsManager] Interface TunnelBear Adapter V9-WFP 802.3 MAC Layer LightWeight Filter-0000:
2017-12-05 23:04:49.455+0000 INFO [o.n.k.i.DiagnosticsManager] Interface Realtek PCIe GBE Family Controller-WFP Native MAC Layer LightWeight Filter-0000:
2017-12-05 23:04:49.455+0000 INFO [o.n.k.i.DiagnosticsManager] Interface Realtek PCIe GBE Family Controller-QoS Packet Scheduler-0000:
2017-12-05 23:04:49.455+0000 INFO [o.n.k.i.DiagnosticsManager] Interface Realtek PCIe GBE Family Controller-WFP 802.3 MAC Layer LightWeight Filter-0000:
2017-12-05 23:04:49.455+0000 INFO [o.n.k.i.DiagnosticsManager] Interface Realtek 8821AE Wireless LAN 802.11ac PCI-E NIC-WFP Native MAC Layer LightWeight Filter-0000:
2017-12-05 23:04:49.455+0000 INFO [o.n.k.i.DiagnosticsManager] Interface Realtek 8821AE Wireless LAN 802.11ac PCI-E NIC-Virtual WiFi Filter Driver-0000:
2017-12-05 23:04:49.455+0000 INFO [o.n.k.i.DiagnosticsManager] Interface Realtek 8821AE Wireless LAN 802.11ac PCI-E NIC-Native WiFi Filter Driver-0000:
2017-12-05 23:04:49.455+0000 INFO [o.n.k.i.DiagnosticsManager] Interface Realtek 8821AE Wireless LAN 802.11ac PCI-E NIC-QoS Packet Scheduler-0000:
2017-12-05 23:04:49.455+0000 INFO [o.n.k.i.DiagnosticsManager] Interface Realtek 8821AE Wireless LAN 802.11ac PCI-E NIC-WFP 802.3 MAC Layer LightWeight Filter-0000:
2017-12-05 23:04:49.455+0000 INFO [o.n.k.i.DiagnosticsManager] Interface Microsoft Wi-Fi Direct Virtual Adapter-WFP Native MAC Layer LightWeight Filter-0000:
2017-12-05 23:04:49.455+0000 INFO [o.n.k.i.DiagnosticsManager] Interface Microsoft Wi-Fi Direct Virtual Adapter-Native WiFi Filter Driver-0000:
2017-12-05 23:04:49.455+0000 INFO [o.n.k.i.DiagnosticsManager] Interface Microsoft Wi-Fi Direct Virtual Adapter-QoS Packet Scheduler-0000:
2017-12-05 23:04:49.455+0000 INFO [o.n.k.i.DiagnosticsManager] Interface Microsoft Wi-Fi Direct Virtual Adapter-WFP 802.3 MAC Layer LightWeight Filter-0000:
2017-12-05 23:04:49.456+0000 INFO [o.n.k.i.DiagnosticsManager] Interface WAN Miniport (IP)-WFP Native MAC Layer LightWeight Filter-0000:
2017-12-05 23:04:49.456+0000 INFO [o.n.k.i.DiagnosticsManager] Interface WAN Miniport (IP)-QoS Packet Scheduler-0000:
2017-12-05 23:04:49.456+0000 INFO [o.n.k.i.DiagnosticsManager] Interface WAN Miniport (IPv6)-WFP Native MAC Layer LightWeight Filter-0000:
2017-12-05 23:04:49.456+0000 INFO [o.n.k.i.DiagnosticsManager] Interface WAN Miniport (IPv6)-QoS Packet Scheduler-0000:
2017-12-05 23:04:49.456+0000 INFO [o.n.k.i.DiagnosticsManager] Interface WAN Miniport (Network Monitor)-WFP Native MAC Layer LightWeight Filter-0000:
2017-12-05 23:04:49.456+0000 INFO [o.n.k.i.DiagnosticsManager] Interface WAN Miniport (Network Monitor)-QoS Packet Scheduler-0000:
2017-12-05 23:04:49.456+0000 INFO [o.n.k.i.DiagnosticsManager] --- INITIALIZED diagnostics END ---
2017-12-05 23:04:49.476+0000 INFO [o.n.b.v.r.WorkerFactory] Bolt Server extension loaded.
2017-12-05 23:04:49.476+0000 INFO [o.n.b.v.r.WorkerFactory] Bolt enabled on 127.0.0.1:7687.
2017-12-05 23:04:49.511+0000 INFO [o.n.k.i.s.f.RecordFormatSelector] Selected RecordFormat:StandardV3_2[v0.A.8] record format from store C:\Users\kucer\Google Drive\Examples\neo4j\Fraud_detection
2017-12-05 23:04:49.521+0000 INFO [o.n.k.i.s.f.RecordFormatSelector] Selected RecordFormat:StandardV3_2[v0.A.8] record format from store C:\Users\kucer\Google Drive\Examples\neo4j\Fraud_detection
2017-12-05 23:04:49.522+0000 INFO [o.n.k.i.s.f.RecordFormatSelector] Format not configured. Selected format from the store: RecordFormat:StandardV3_2[v0.A.8]
2017-12-05 23:04:50.421+0000 INFO [o.n.k.i.a.i.IndexingService] IndexingService.init: indexes not specifically mentioned above are null
2017-12-05 23:04:50.460+0000 INFO [o.n.k.NeoStoreDataSource] No commits found after last check point (which is at LogPosition{logVersion=0, byteOffset=8545})
2017-12-05 23:04:50.464+0000 INFO [o.n.k.i.a.i.IndexingService] IndexingService.start: indexes not specifically mentioned above are null
2017-12-05 23:04:50.466+0000 INFO [o.n.k.i.DatabaseHealth] Database health set to OK
2017-12-05 23:04:50.502+0000 INFO [o.n.k.AvailabilityGuard] Fulfilling of requirement makes database available: Database available
2017-12-05 23:04:50.502+0000 INFO [o.n.k.i.f.GraphDatabaseFacadeFactory] Database is now ready
2017-12-05 23:04:50.503+0000 INFO [o.n.k.i.DiagnosticsManager] --- STARTED diagnostics for KernelDiagnostics:Versions START ---
2017-12-05 23:04:50.503+0000 INFO [o.n.k.i.DiagnosticsManager] Graph Database: community single StoreId{creationTime=1512269411800, randomId=-74685462959209550, storeVersion=15813456178476550, upgradeTime=1512269411800, upgradeId=1}
2017-12-05 23:04:50.503+0000 INFO [o.n.k.i.DiagnosticsManager] Kernel version: 3.3.0
2017-12-05 23:04:50.504+0000 INFO [o.n.k.i.DiagnosticsManager] --- STARTED diagnostics for KernelDiagnostics:Versions END ---
2017-12-05 23:04:50.504+0000 INFO [o.n.k.i.DiagnosticsManager] --- STARTED diagnostics for NEO_STORE_VERSIONS START ---
2017-12-05 23:04:50.504+0000 INFO [o.n.k.i.DiagnosticsManager] Store versions:
2017-12-05 23:04:50.504+0000 INFO [o.n.k.i.DiagnosticsManager] Store versions:
2017-12-05 23:04:50.504+0000 INFO [o.n.k.i.DiagnosticsManager]   ArrayPropertyStore v0.A.8
2017-12-05 23:04:50.505+0000 INFO [o.n.k.i.DiagnosticsManager]   NodeStore v0.A.8
2017-12-05 23:04:50.505+0000 INFO [o.n.k.i.DiagnosticsManager]   StringPropertyStore v0.A.8
2017-12-05 23:04:50.505+0000 INFO [o.n.k.i.DiagnosticsManager]   PropertyIndexStore v0.A.8
2017-12-05 23:04:50.505+0000 INFO [o.n.k.i.DiagnosticsManager]   StringPropertyStore v0.A.8
2017-12-05 23:04:50.506+0000 INFO [o.n.k.i.DiagnosticsManager]   ArrayPropertyStore v0.A.8
2017-12-05 23:04:50.506+0000 INFO [o.n.k.i.DiagnosticsManager]   PropertyStore v0.A.8
2017-12-05 23:04:50.506+0000 INFO [o.n.k.i.DiagnosticsManager]   RelationshipStore v0.A.8
2017-12-05 23:04:50.506+0000 INFO [o.n.k.i.DiagnosticsManager]   StringPropertyStore v0.A.8
2017-12-05 23:04:50.506+0000 INFO [o.n.k.i.DiagnosticsManager]   RelationshipTypeStore v0.A.8
2017-12-05 23:04:50.507+0000 INFO [o.n.k.i.DiagnosticsManager]   StringPropertyStore v0.A.8
2017-12-05 23:04:50.507+0000 INFO [o.n.k.i.DiagnosticsManager]   LabelTokenStore v0.A.8
2017-12-05 23:04:50.507+0000 INFO [o.n.k.i.DiagnosticsManager]   SchemaStore v0.A.8
2017-12-05 23:04:50.507+0000 INFO [o.n.k.i.DiagnosticsManager]   RelationshipGroupStore v0.A.8
2017-12-05 23:04:50.507+0000 INFO [o.n.k.i.DiagnosticsManager]   NeoStore v0.A.8
2017-12-05 23:04:50.508+0000 INFO [o.n.k.i.DiagnosticsManager] --- STARTED diagnostics for NEO_STORE_VERSIONS END ---
2017-12-05 23:04:50.508+0000 INFO [o.n.k.i.DiagnosticsManager] --- STARTED diagnostics for NEO_STORE_ID_USAGE START ---
2017-12-05 23:04:50.508+0000 INFO [o.n.k.i.DiagnosticsManager] Id usage:
2017-12-05 23:04:50.508+0000 INFO [o.n.k.i.DiagnosticsManager] Id usage:
2017-12-05 23:04:50.509+0000 INFO [o.n.k.i.DiagnosticsManager]   ArrayPropertyStore: used=1 high=0
2017-12-05 23:04:50.509+0000 INFO [o.n.k.i.DiagnosticsManager]   NodeStore: used=15 high=19
2017-12-05 23:04:50.509+0000 INFO [o.n.k.i.DiagnosticsManager]   StringPropertyStore: used=17 high=16
2017-12-05 23:04:50.509+0000 INFO [o.n.k.i.DiagnosticsManager]   PropertyIndexStore: used=16 high=15
2017-12-05 23:04:50.509+0000 INFO [o.n.k.i.DiagnosticsManager]   StringPropertyStore: used=1 high=0
2017-12-05 23:04:50.510+0000 INFO [o.n.k.i.DiagnosticsManager]   ArrayPropertyStore: used=1 high=0
2017-12-05 23:04:50.510+0000 INFO [o.n.k.i.DiagnosticsManager]   PropertyStore: used=22 high=39
2017-12-05 23:04:50.510+0000 INFO [o.n.k.i.DiagnosticsManager]   RelationshipStore: used=16 high=19
2017-12-05 23:04:50.510+0000 INFO [o.n.k.i.DiagnosticsManager]   StringPropertyStore: used=7 high=6
2017-12-05 23:04:50.511+0000 INFO [o.n.k.i.DiagnosticsManager]   RelationshipTypeStore: used=6 high=5
2017-12-05 23:04:50.511+0000 INFO [o.n.k.i.DiagnosticsManager]   StringPropertyStore: used=8 high=7
2017-12-05 23:04:50.511+0000 INFO [o.n.k.i.DiagnosticsManager]   LabelTokenStore: used=7 high=6
2017-12-05 23:04:50.511+0000 INFO [o.n.k.i.DiagnosticsManager]   SchemaStore: used=1 high=0
2017-12-05 23:04:50.512+0000 INFO [o.n.k.i.DiagnosticsManager]   RelationshipGroupStore: used=1 high=0
2017-12-05 23:04:50.512+0000 INFO [o.n.k.i.DiagnosticsManager]   NeoStore: used=15 high=14
2017-12-05 23:04:50.512+0000 INFO [o.n.k.i.DiagnosticsManager] --- STARTED diagnostics for NEO_STORE_ID_USAGE END ---
2017-12-05 23:04:50.512+0000 INFO [o.n.k.i.DiagnosticsManager] --- STARTED diagnostics for NEO_STORE_RECORDS START ---
2017-12-05 23:04:50.512+0000 INFO [o.n.k.i.DiagnosticsManager] Neostore records:
2017-12-05 23:04:50.513+0000 INFO [o.n.k.i.DiagnosticsManager] TIME (Creation time): 1512269411800
2017-12-05 23:04:50.513+0000 INFO [o.n.k.i.DiagnosticsManager] RANDOM_NUMBER (Random number for store id): -74685462959209550
2017-12-05 23:04:50.513+0000 INFO [o.n.k.i.DiagnosticsManager] LOG_VERSION (Current log version): 0
2017-12-05 23:04:50.513+0000 INFO [o.n.k.i.DiagnosticsManager] LAST_TRANSACTION_ID (Last committed transaction): 31
2017-12-05 23:04:50.514+0000 INFO [o.n.k.i.DiagnosticsManager] STORE_VERSION (Store format version): 15813456178476550
2017-12-05 23:04:50.514+0000 INFO [o.n.k.i.DiagnosticsManager] FIRST_GRAPH_PROPERTY (First property record containing graph properties): -1
2017-12-05 23:04:50.514+0000 INFO [o.n.k.i.DiagnosticsManager] LAST_CONSTRAINT_TRANSACTION (Last committed transaction containing constraint changes): 0
2017-12-05 23:04:50.514+0000 INFO [o.n.k.i.DiagnosticsManager] UPGRADE_TRANSACTION_ID (Transaction id most recent upgrade was performed at): 1
2017-12-05 23:04:50.515+0000 INFO [o.n.k.i.DiagnosticsManager] UPGRADE_TIME (Time of last upgrade): 1512269411800
2017-12-05 23:04:50.515+0000 INFO [o.n.k.i.DiagnosticsManager] LAST_TRANSACTION_CHECKSUM (Checksum of last committed transaction): -159922520829
2017-12-05 23:04:50.515+0000 INFO [o.n.k.i.DiagnosticsManager] UPGRADE_TRANSACTION_CHECKSUM (Checksum of transaction id the most recent upgrade was performed at): 0
2017-12-05 23:04:50.515+0000 INFO [o.n.k.i.DiagnosticsManager] LAST_CLOSED_TRANSACTION_LOG_VERSION (Log version where the last transaction commit entry has been written into): 0
2017-12-05 23:04:50.515+0000 INFO [o.n.k.i.DiagnosticsManager] LAST_CLOSED_TRANSACTION_LOG_BYTE_OFFSET (Byte offset in the log file where the last transaction commit entry has been written into): 8545
2017-12-05 23:04:50.516+0000 INFO [o.n.k.i.DiagnosticsManager] LAST_TRANSACTION_COMMIT_TIMESTAMP (Commit time timestamp for last committed transaction): 1512269575271
2017-12-05 23:04:50.516+0000 INFO [o.n.k.i.DiagnosticsManager] UPGRADE_TRANSACTION_COMMIT_TIMESTAMP (Commit timestamp of transaction the most recent upgrade was performed at): 0
2017-12-05 23:04:50.516+0000 INFO [o.n.k.i.DiagnosticsManager] --- STARTED diagnostics for NEO_STORE_RECORDS END ---
2017-12-05 23:04:50.516+0000 INFO [o.n.k.i.DiagnosticsManager] --- STARTED diagnostics for TRANSACTION_RANGE START ---
2017-12-05 23:04:50.517+0000 INFO [o.n.k.i.DiagnosticsManager] Transaction log:
2017-12-05 23:04:50.518+0000 INFO [o.n.k.i.DiagnosticsManager] Oldest transaction 2 found in log with version 0
2017-12-05 23:04:50.518+0000 INFO [o.n.k.i.DiagnosticsManager] --- STARTED diagnostics for TRANSACTION_RANGE END ---
2017-12-05 23:04:50.519+0000 INFO [o.n.k.i.DiagnosticsManager] --- STARTED diagnostics for KernelDiagnostics:StoreFiles START ---
2017-12-05 23:04:50.521+0000 INFO [o.n.k.i.DiagnosticsManager] Disk space on partition (Total / Free / Free %): 1999751868416 / 1908386263040 / 95
2017-12-05 23:04:50.521+0000 INFO [o.n.k.i.DiagnosticsManager] Storage files: (filename : modification date - size)
2017-12-05 23:04:50.523+0000 INFO [o.n.k.i.DiagnosticsManager]   Cypher_code:
2017-12-05 23:04:50.523+0000 INFO [o.n.k.i.DiagnosticsManager]     00_fraud_detection.cyp: 2017-12-02T21:35:56-0500 - 3.00 kB
2017-12-05 23:04:50.524+0000 INFO [o.n.k.i.DiagnosticsManager]     01_entity_link_analysis.cyp: 2017-12-02T21:40:52-0500 - 415.00 B
2017-12-05 23:04:50.524+0000 INFO [o.n.k.i.DiagnosticsManager]     02_financial_risk.cyp: 2017-12-02T21:41:20-0500 - 725.00 B
2017-12-05 23:04:50.524+0000 INFO [o.n.k.i.DiagnosticsManager]   - Total: 2017-12-02T21:47:05-0500 - 4.11 kB
2017-12-05 23:04:50.524+0000 INFO [o.n.k.i.DiagnosticsManager]   certificates:
2017-12-05 23:04:50.525+0000 INFO [o.n.k.i.DiagnosticsManager]     neo4j.cert: 2017-12-02T21:50:10-0500 - 1002.00 B
2017-12-05 23:04:50.525+0000 INFO [o.n.k.i.DiagnosticsManager]     neo4j.key: 2017-12-02T21:50:10-0500 - 1.69 kB
2017-12-05 23:04:50.525+0000 INFO [o.n.k.i.DiagnosticsManager]   - Total: 2017-12-02T21:50:10-0500 - 2.67 kB
2017-12-05 23:04:50.525+0000 INFO [o.n.k.i.DiagnosticsManager]   data:
2017-12-05 23:04:50.525+0000 INFO [o.n.k.i.DiagnosticsManager]     dbms:
2017-12-05 23:04:50.526+0000 INFO [o.n.k.i.DiagnosticsManager]       auth: 2017-12-02T21:51:14-0500 - 113.00 B
2017-12-05 23:04:50.526+0000 INFO [o.n.k.i.DiagnosticsManager]     - Total: 2017-12-02T21:51:14-0500 - 113.00 B
2017-12-05 23:04:50.526+0000 INFO [o.n.k.i.DiagnosticsManager]   - Total: 2017-12-02T21:50:12-0500 - 113.00 B
2017-12-05 23:04:50.526+0000 INFO [o.n.k.i.DiagnosticsManager]   index:
2017-12-05 23:04:50.527+0000 INFO [o.n.k.i.DiagnosticsManager]   - Total: 2017-12-02T21:50:11-0500 - 0.00 B
2017-12-05 23:04:50.527+0000 INFO [o.n.k.i.DiagnosticsManager]   logs:
2017-12-05 23:04:50.527+0000 INFO [o.n.k.i.DiagnosticsManager]     debug.log: 2017-12-02T22:11:04-0500 - 76.96 kB
2017-12-05 23:04:50.527+0000 INFO [o.n.k.i.DiagnosticsManager]   - Total: 2017-12-02T21:50:09-0500 - 76.96 kB
2017-12-05 23:04:50.528+0000 INFO [o.n.k.i.DiagnosticsManager]   neostore: 2017-12-02T22:10:02-0500 - 8.00 kB
2017-12-05 23:04:50.528+0000 INFO [o.n.k.i.DiagnosticsManager]   neostore.counts.db.a: 2017-12-02T21:50:12-0500 - 96.00 B
2017-12-05 23:04:50.528+0000 INFO [o.n.k.i.DiagnosticsManager]   neostore.counts.db.b: 2017-12-02T22:10:02-0500 - 1.16 kB
2017-12-05 23:04:50.528+0000 INFO [o.n.k.i.DiagnosticsManager]   neostore.id: 2017-12-05T18:04:50-0500 - 9.00 B
2017-12-05 23:04:50.529+0000 INFO [o.n.k.i.DiagnosticsManager]   neostore.labelscanstore.db: 2017-12-05T18:04:50-0500 - 48.00 kB
2017-12-05 23:04:50.529+0000 INFO [o.n.k.i.DiagnosticsManager]   neostore.labeltokenstore.db: 2017-12-02T22:10:02-0500 - 8.00 kB
2017-12-05 23:04:50.529+0000 INFO [o.n.k.i.DiagnosticsManager]   neostore.labeltokenstore.db.id: 2017-12-05T18:04:50-0500 - 9.00 B
2017-12-05 23:04:50.529+0000 INFO [o.n.k.i.DiagnosticsManager]   neostore.labeltokenstore.db.names: 2017-12-02T22:10:02-0500 - 8.00 kB
2017-12-05 23:04:50.530+0000 INFO [o.n.k.i.DiagnosticsManager]   neostore.labeltokenstore.db.names.id: 2017-12-05T18:04:50-0500 - 9.00 B
2017-12-05 23:04:50.530+0000 INFO [o.n.k.i.DiagnosticsManager]   neostore.nodestore.db: 2017-12-02T22:10:02-0500 - 8.00 kB
2017-12-05 23:04:50.530+0000 INFO [o.n.k.i.DiagnosticsManager]   neostore.nodestore.db.id: 2017-12-05T18:04:49-0500 - 49.00 B
2017-12-05 23:04:50.530+0000 INFO [o.n.k.i.DiagnosticsManager]   neostore.nodestore.db.labels: 2017-12-02T21:50:10-0500 - 8.00 kB
2017-12-05 23:04:50.531+0000 INFO [o.n.k.i.DiagnosticsManager]   neostore.nodestore.db.labels.id: 2017-12-05T18:04:49-0500 - 9.00 B
2017-12-05 23:04:50.531+0000 INFO [o.n.k.i.DiagnosticsManager]   neostore.propertystore.db: 2017-12-02T22:10:02-0500 - 7.97 kB
2017-12-05 23:04:50.531+0000 INFO [o.n.k.i.DiagnosticsManager]   neostore.propertystore.db.arrays: 2017-12-02T21:50:11-0500 - 8.00 kB
2017-12-05 23:04:50.531+0000 INFO [o.n.k.i.DiagnosticsManager]   neostore.propertystore.db.arrays.id: 2017-12-05T18:04:49-0500 - 9.00 B
2017-12-05 23:04:50.532+0000 INFO [o.n.k.i.DiagnosticsManager]   neostore.propertystore.db.id: 2017-12-05T18:04:49-0500 - 153.00 B
2017-12-05 23:04:50.532+0000 INFO [o.n.k.i.DiagnosticsManager]   neostore.propertystore.db.index: 2017-12-02T22:10:02-0500 - 8.00 kB
2017-12-05 23:04:50.532+0000 INFO [o.n.k.i.DiagnosticsManager]   neostore.propertystore.db.index.id: 2017-12-05T18:04:49-0500 - 9.00 B
2017-12-05 23:04:50.532+0000 INFO [o.n.k.i.DiagnosticsManager]   neostore.propertystore.db.index.keys: 2017-12-02T22:10:02-0500 - 8.00 kB
2017-12-05 23:04:50.533+0000 INFO [o.n.k.i.DiagnosticsManager]   neostore.propertystore.db.index.keys.id: 2017-12-05T18:04:49-0500 - 9.00 B
2017-12-05 23:04:50.533+0000 INFO [o.n.k.i.DiagnosticsManager]   neostore.propertystore.db.strings: 2017-12-02T21:50:11-0500 - 8.00 kB
2017-12-05 23:04:50.533+0000 INFO [o.n.k.i.DiagnosticsManager]   neostore.propertystore.db.strings.id: 2017-12-05T18:04:49-0500 - 9.00 B
2017-12-05 23:04:50.533+0000 INFO [o.n.k.i.DiagnosticsManager]   neostore.relationshipgroupstore.db: 2017-12-02T21:50:11-0500 - 8.00 kB
2017-12-05 23:04:50.534+0000 INFO [o.n.k.i.DiagnosticsManager]   neostore.relationshipgroupstore.db.id: 2017-12-05T18:04:50-0500 - 9.00 B
2017-12-05 23:04:50.534+0000 INFO [o.n.k.i.DiagnosticsManager]   neostore.relationshipstore.db: 2017-12-02T22:10:02-0500 - 7.97 kB
2017-12-05 23:04:50.534+0000 INFO [o.n.k.i.DiagnosticsManager]   neostore.relationshipstore.db.id: 2017-12-05T18:04:49-0500 - 41.00 B
2017-12-05 23:04:50.534+0000 INFO [o.n.k.i.DiagnosticsManager]   neostore.relationshiptypestore.db: 2017-12-02T22:10:02-0500 - 8.00 kB
2017-12-05 23:04:50.535+0000 INFO [o.n.k.i.DiagnosticsManager]   neostore.relationshiptypestore.db.id: 2017-12-05T18:04:50-0500 - 9.00 B
2017-12-05 23:04:50.535+0000 INFO [o.n.k.i.DiagnosticsManager]   neostore.relationshiptypestore.db.names: 2017-12-02T22:10:02-0500 - 8.00 kB
2017-12-05 23:04:50.535+0000 INFO [o.n.k.i.DiagnosticsManager]   neostore.relationshiptypestore.db.names.id: 2017-12-05T18:04:50-0500 - 9.00 B
2017-12-05 23:04:50.535+0000 INFO [o.n.k.i.DiagnosticsManager]   neostore.schemastore.db: 2017-12-02T21:50:11-0500 - 8.00 kB
2017-12-05 23:04:50.536+0000 INFO [o.n.k.i.DiagnosticsManager]   neostore.schemastore.db.id: 2017-12-05T18:04:50-0500 - 9.00 B
2017-12-05 23:04:50.536+0000 INFO [o.n.k.i.DiagnosticsManager]   neostore.transaction.db.0: 2017-12-02T22:11:04-0500 - 8.38 kB
2017-12-05 23:04:50.536+0000 INFO [o.n.k.i.DiagnosticsManager]   store_lock: 2017-12-02T21:50:10-0500 - 0.00 B
2017-12-05 23:04:50.537+0000 INFO [o.n.k.i.DiagnosticsManager] Storage summary: 
2017-12-05 23:04:50.537+0000 INFO [o.n.k.i.DiagnosticsManager]   Total size of store: 261.75 kB
2017-12-05 23:04:50.537+0000 INFO [o.n.k.i.DiagnosticsManager]   Total size of mapped files: 167.93 kB
2017-12-05 23:04:50.538+0000 INFO [o.n.k.i.DiagnosticsManager] --- STARTED diagnostics for KernelDiagnostics:StoreFiles END ---
2017-12-05 23:04:50.546+0000 INFO [o.n.k.i.DiagnosticsManager] --- SERVER STARTED START ---
2017-12-05 23:04:50.887+0000 INFO [o.n.k.i.DiagnosticsManager] --- SERVER STARTED END ---
2017-12-05 23:53:16.763+0000 INFO [o.n.k.i.f.GraphDatabaseFacadeFactory] Shutdown started
2017-12-05 23:53:16.763+0000 INFO [o.n.k.i.f.GraphDatabaseFacadeFactory] Database is now unavailable
2017-12-05 23:53:16.766+0000 INFO [o.n.k.i.t.l.c.CheckPointerImpl] Check Pointing triggered by database shutdown [31]:  Starting check pointing...
2017-12-05 23:53:16.767+0000 INFO [o.n.k.i.t.l.c.CheckPointerImpl] Check Pointing triggered by database shutdown [31]:  Starting store flush...
2017-12-05 23:53:16.794+0000 INFO [o.n.k.i.t.l.c.CheckPointerImpl] Check Pointing triggered by database shutdown [31]:  Store flush completed
2017-12-05 23:53:16.794+0000 INFO [o.n.k.i.t.l.c.CheckPointerImpl] Check Pointing triggered by database shutdown [31]:  Starting appending check point entry into the tx log...
2017-12-05 23:53:16.817+0000 INFO [o.n.k.i.t.l.c.CheckPointerImpl] Check Pointing triggered by database shutdown [31]:  Appending check point entry into the tx log completed
2017-12-05 23:53:16.818+0000 INFO [o.n.k.i.t.l.c.CheckPointerImpl] Check Pointing triggered by database shutdown [31]:  Check pointing completed
2017-12-05 23:53:16.818+0000 INFO [o.n.k.i.t.l.p.LogPruningImpl] Log Rotation [0]:  Starting log pruning.
2017-12-05 23:53:16.818+0000 INFO [o.n.k.i.t.l.p.LogPruningImpl] Log Rotation [0]:  Log pruning complete.
2017-12-05 23:53:17.186+0000 INFO [o.n.k.i.DiagnosticsManager] --- STOPPING diagnostics START ---
2017-12-05 23:53:17.186+0000 INFO [o.n.k.i.DiagnosticsManager] --- STOPPING diagnostics END ---
